<?xml version="1.0" ?>
<!DOCTYPE coverage SYSTEM "http://cobertura.sourceforge.net/xml/coverage-04.dtd">
<coverage lines-valid="7074"  lines-covered="4470"  line-rate="0.6319"  branches-valid="3632"  branches-covered="1825"  branch-rate="0.5025"  timestamp="1483628149736" complexity="0" version="0.1">
<sources>
	<source>/Users/nem/code/github/thirdparties/angular-google-maps</source>
</sources>
<packages>
	<package name="dist"  line-rate="0.6319"  branch-rate="0.5025" >
	<classes>
		<class name="angular-google-maps.js"  filename="dist/angular-google-maps.js"  line-rate="0.6319"  branch-rate="0.5025" >
		<methods>
			<method name="(anonymous_1)"  hits="1"  signature="()V" >
				<lines><line number="6"  hits="1" /></lines>
			</method>
			<method name="(anonymous_2)"  hits="1"  signature="()V" >
				<lines><line number="40"  hits="1" /></lines>
			</method>
			<method name="(anonymous_3)"  hits="1"  signature="()V" >
				<lines><line number="64"  hits="1" /></lines>
			</method>
			<method name="(anonymous_4)"  hits="53"  signature="()V" >
				<lines><line number="66"  hits="53" /></lines>
			</method>
			<method name="(anonymous_5)"  hits="4"  signature="()V" >
				<lines><line number="70"  hits="4" /></lines>
			</method>
			<method name="(anonymous_6)"  hits="4"  signature="()V" >
				<lines><line number="81"  hits="4" /></lines>
			</method>
			<method name="(anonymous_7)"  hits="22"  signature="()V" >
				<lines><line number="87"  hits="22" /></lines>
			</method>
			<method name="(anonymous_8)"  hits="55"  signature="()V" >
				<lines><line number="101"  hits="55" /></lines>
			</method>
			<method name="(anonymous_9)"  hits="53"  signature="()V" >
				<lines><line number="105"  hits="53" /></lines>
			</method>
			<method name="(anonymous_10)"  hits="1"  signature="()V" >
				<lines><line number="113"  hits="1" /></lines>
			</method>
			<method name="(anonymous_11)"  hits="1"  signature="()V" >
				<lines><line number="118"  hits="1" /></lines>
			</method>
			<method name="(anonymous_12)"  hits="1"  signature="()V" >
				<lines><line number="130"  hits="1" /></lines>
			</method>
			<method name="(anonymous_13)"  hits="247"  signature="()V" >
				<lines><line number="143"  hits="247" /></lines>
			</method>
			<method name="(anonymous_14)"  hits="4"  signature="()V" >
				<lines><line number="153"  hits="4" /></lines>
			</method>
			<method name="(anonymous_15)"  hits="247"  signature="()V" >
				<lines><line number="157"  hits="247" /></lines>
			</method>
			<method name="(anonymous_16)"  hits="49"  signature="()V" >
				<lines><line number="158"  hits="49" /></lines>
			</method>
			<method name="(anonymous_17)"  hits="4"  signature="()V" >
				<lines><line number="165"  hits="4" /></lines>
			</method>
			<method name="(anonymous_18)"  hits="1"  signature="()V" >
				<lines><line number="167"  hits="1" /></lines>
			</method>
			<method name="(anonymous_19)"  hits="1"  signature="()V" >
				<lines><line number="175"  hits="1" /></lines>
			</method>
			<method name="(anonymous_20)"  hits="0"  signature="()V" >
				<lines><line number="176"  hits="0" /></lines>
			</method>
			<method name="(anonymous_21)"  hits="0"  signature="()V" >
				<lines><line number="176"  hits="0" /></lines>
			</method>
			<method name="(anonymous_22)"  hits="39"  signature="()V" >
				<lines><line number="177"  hits="39" /></lines>
			</method>
			<method name="ctor"  hits="39"  signature="()V" >
				<lines><line number="177"  hits="39" /></lines>
			</method>
			<method name="(anonymous_24)"  hits="40"  signature="()V" >
				<lines><line number="180"  hits="40" /></lines>
			</method>
			<method name="(anonymous_25)"  hits="39"  signature="()V" >
				<lines><line number="182"  hits="39" /></lines>
			</method>
			<method name="(anonymous_26)"  hits="0"  signature="()V" >
				<lines><line number="190"  hits="0" /></lines>
			</method>
			<method name="(anonymous_27)"  hits="0"  signature="()V" >
				<lines><line number="197"  hits="0" /></lines>
			</method>
			<method name="(anonymous_28)"  hits="13"  signature="()V" >
				<lines><line number="204"  hits="13" /></lines>
			</method>
			<method name="(anonymous_29)"  hits="0"  signature="()V" >
				<lines><line number="223"  hits="0" /></lines>
			</method>
			<method name="(anonymous_30)"  hits="0"  signature="()V" >
				<lines><line number="227"  hits="0" /></lines>
			</method>
			<method name="(anonymous_31)"  hits="0"  signature="()V" >
				<lines><line number="231"  hits="0" /></lines>
			</method>
			<method name="(anonymous_32)"  hits="39"  signature="()V" >
				<lines><line number="241"  hits="39" /></lines>
			</method>
			<method name="uiGmapInfoBox"  hits="0"  signature="()V" >
				<lines><line number="244"  hits="0" /></lines>
			</method>
			<method name="(anonymous_34)"  hits="0"  signature="()V" >
				<lines><line number="255"  hits="0" /></lines>
			</method>
			<method name="(anonymous_35)"  hits="0"  signature="()V" >
				<lines><line number="259"  hits="0" /></lines>
			</method>
			<method name="(anonymous_36)"  hits="0"  signature="()V" >
				<lines><line number="266"  hits="0" /></lines>
			</method>
			<method name="(anonymous_37)"  hits="0"  signature="()V" >
				<lines><line number="288"  hits="0" /></lines>
			</method>
			<method name="(anonymous_38)"  hits="1"  signature="()V" >
				<lines><line number="316"  hits="1" /></lines>
			</method>
			<method name="(anonymous_39)"  hits="74"  signature="()V" >
				<lines><line number="317"  hits="74" /></lines>
			</method>
			<method name="(anonymous_40)"  hits="740"  signature="()V" >
				<lines><line number="325"  hits="740" /></lines>
			</method>
			<method name="(anonymous_41)"  hits="740"  signature="()V" >
				<lines><line number="369"  hits="740" /></lines>
			</method>
			<method name="(anonymous_42)"  hits="0"  signature="()V" >
				<lines><line number="381"  hits="0" /></lines>
			</method>
			<method name="(anonymous_43)"  hits="0"  signature="()V" >
				<lines><line number="397"  hits="0" /></lines>
			</method>
			<method name="(anonymous_44)"  hits="0"  signature="()V" >
				<lines><line number="412"  hits="0" /></lines>
			</method>
			<method name="(anonymous_45)"  hits="0"  signature="()V" >
				<lines><line number="418"  hits="0" /></lines>
			</method>
			<method name="(anonymous_46)"  hits="0"  signature="()V" >
				<lines><line number="434"  hits="0" /></lines>
			</method>
			<method name="(anonymous_47)"  hits="0"  signature="()V" >
				<lines><line number="478"  hits="0" /></lines>
			</method>
			<method name="(anonymous_48)"  hits="5"  signature="()V" >
				<lines><line number="495"  hits="5" /></lines>
			</method>
			<method name="(anonymous_49)"  hits="15"  signature="()V" >
				<lines><line number="500"  hits="15" /></lines>
			</method>
			<method name="(anonymous_50)"  hits="30"  signature="()V" >
				<lines><line number="501"  hits="30" /></lines>
			</method>
			<method name="(anonymous_51)"  hits="15"  signature="()V" >
				<lines><line number="509"  hits="15" /></lines>
			</method>
			<method name="(anonymous_52)"  hits="17"  signature="()V" >
				<lines><line number="513"  hits="17" /></lines>
			</method>
			<method name="(anonymous_53)"  hits="34"  signature="()V" >
				<lines><line number="520"  hits="34" /></lines>
			</method>
			<method name="(anonymous_54)"  hits="6"  signature="()V" >
				<lines><line number="528"  hits="6" /></lines>
			</method>
			<method name="(anonymous_55)"  hits="6"  signature="()V" >
				<lines><line number="532"  hits="6" /></lines>
			</method>
			<method name="(anonymous_56)"  hits="17"  signature="()V" >
				<lines><line number="533"  hits="17" /></lines>
			</method>
			<method name="(anonymous_57)"  hits="5"  signature="()V" >
				<lines><line number="539"  hits="5" /></lines>
			</method>
			<method name="(anonymous_58)"  hits="0"  signature="()V" >
				<lines><line number="568"  hits="0" /></lines>
			</method>
			<method name="(anonymous_59)"  hits="1"  signature="()V" >
				<lines><line number="575"  hits="1" /></lines>
			</method>
			<method name="(anonymous_60)"  hits="0"  signature="()V" >
				<lines><line number="576"  hits="0" /></lines>
			</method>
			<method name="(anonymous_61)"  hits="0"  signature="()V" >
				<lines><line number="577"  hits="0" /></lines>
			</method>
			<method name="(anonymous_62)"  hits="0"  signature="()V" >
				<lines><line number="578"  hits="0" /></lines>
			</method>
			<method name="(anonymous_63)"  hits="1"  signature="()V" >
				<lines><line number="589"  hits="1" /></lines>
			</method>
			<method name="(anonymous_64)"  hits="9"  signature="()V" >
				<lines><line number="591"  hits="9" /></lines>
			</method>
			<method name="(anonymous_65)"  hits="0"  signature="()V" >
				<lines><line number="593"  hits="0" /></lines>
			</method>
			<method name="(anonymous_66)"  hits="0"  signature="()V" >
				<lines><line number="597"  hits="0" /></lines>
			</method>
			<method name="(anonymous_67)"  hits="0"  signature="()V" >
				<lines><line number="600"  hits="0" /></lines>
			</method>
			<method name="(anonymous_68)"  hits="45"  signature="()V" >
				<lines><line number="608"  hits="45" /></lines>
			</method>
			<method name="(anonymous_69)"  hits="21"  signature="()V" >
				<lines><line number="615"  hits="21" /></lines>
			</method>
			<method name="(anonymous_70)"  hits="22"  signature="()V" >
				<lines><line number="625"  hits="22" /></lines>
			</method>
			<method name="(anonymous_71)"  hits="22"  signature="()V" >
				<lines><line number="632"  hits="22" /></lines>
			</method>
			<method name="(anonymous_72)"  hits="40"  signature="()V" >
				<lines><line number="688"  hits="40" /></lines>
			</method>
			<method name="(anonymous_73)"  hits="3"  signature="()V" >
				<lines><line number="699"  hits="3" /></lines>
			</method>
			<method name="(anonymous_74)"  hits="3"  signature="()V" >
				<lines><line number="705"  hits="3" /></lines>
			</method>
			<method name="(anonymous_75)"  hits="40"  signature="()V" >
				<lines><line number="710"  hits="40" /></lines>
			</method>
			<method name="(anonymous_76)"  hits="0"  signature="()V" >
				<lines><line number="715"  hits="0" /></lines>
			</method>
			<method name="(anonymous_77)"  hits="4557"  signature="()V" >
				<lines><line number="727"  hits="4557" /></lines>
			</method>
			<method name="(anonymous_78)"  hits="4557"  signature="()V" >
				<lines><line number="737"  hits="4557" /></lines>
			</method>
			<method name="(anonymous_79)"  hits="4518"  signature="()V" >
				<lines><line number="750"  hits="4518" /></lines>
			</method>
			<method name="(anonymous_80)"  hits="90"  signature="()V" >
				<lines><line number="760"  hits="90" /></lines>
			</method>
			<method name="(anonymous_81)"  hits="59"  signature="()V" >
				<lines><line number="798"  hits="59" /></lines>
			</method>
			<method name="(anonymous_82)"  hits="59"  signature="()V" >
				<lines><line number="799"  hits="59" /></lines>
			</method>
			<method name="(anonymous_83)"  hits="39"  signature="()V" >
				<lines><line number="820"  hits="39" /></lines>
			</method>
			<method name="(anonymous_84)"  hits="26"  signature="()V" >
				<lines><line number="830"  hits="26" /></lines>
			</method>
			<method name="(anonymous_85)"  hits="6"  signature="()V" >
				<lines><line number="850"  hits="6" /></lines>
			</method>
			<method name="(anonymous_86)"  hits="20"  signature="()V" >
				<lines><line number="853"  hits="20" /></lines>
			</method>
			<method name="(anonymous_87)"  hits="2"  signature="()V" >
				<lines><line number="858"  hits="2" /></lines>
			</method>
			<method name="(anonymous_88)"  hits="0"  signature="()V" >
				<lines><line number="861"  hits="0" /></lines>
			</method>
			<method name="(anonymous_89)"  hits="2"  signature="()V" >
				<lines><line number="863"  hits="2" /></lines>
			</method>
			<method name="(anonymous_90)"  hits="2000"  signature="()V" >
				<lines><line number="864"  hits="2000" /></lines>
			</method>
			<method name="(anonymous_91)"  hits="2"  signature="()V" >
				<lines><line number="866"  hits="2" /></lines>
			</method>
			<method name="(anonymous_92)"  hits="33"  signature="()V" >
				<lines><line number="878"  hits="33" /></lines>
			</method>
			<method name="(anonymous_93)"  hits="1"  signature="()V" >
				<lines><line number="895"  hits="1" /></lines>
			</method>
			<method name="(anonymous_94)"  hits="0"  signature="()V" >
				<lines><line number="896"  hits="0" /></lines>
			</method>
			<method name="(anonymous_95)"  hits="109"  signature="()V" >
				<lines><line number="898"  hits="109" /></lines>
			</method>
			<method name="(anonymous_96)"  hits="109"  signature="()V" >
				<lines><line number="901"  hits="109" /></lines>
			</method>
			<method name="BaseObject"  hits="66"  signature="()V" >
				<lines><line number="902"  hits="66" /></lines>
			</method>
			<method name="(anonymous_98)"  hits="63"  signature="()V" >
				<lines><line number="904"  hits="63" /></lines>
			</method>
			<method name="(anonymous_99)"  hits="258"  signature="()V" >
				<lines><line number="918"  hits="258" /></lines>
			</method>
			<method name="(anonymous_100)"  hits="1"  signature="()V" >
				<lines><line number="947"  hits="1" /></lines>
			</method>
			<method name="(anonymous_101)"  hits="6"  signature="()V" >
				<lines><line number="948"  hits="6" /></lines>
			</method>
			<method name="(anonymous_102)"  hits="0"  signature="()V" >
				<lines><line number="950"  hits="0" /></lines>
			</method>
			<method name="(anonymous_103)"  hits="1"  signature="()V" >
				<lines><line number="955"  hits="1" /></lines>
			</method>
			<method name="(anonymous_104)"  hits="77"  signature="()V" >
				<lines><line number="957"  hits="77" /></lines>
			</method>
			<method name="(anonymous_105)"  hits="99"  signature="()V" >
				<lines><line number="960"  hits="99" /></lines>
			</method>
			<method name="(anonymous_106)"  hits="49"  signature="()V" >
				<lines><line number="961"  hits="49" /></lines>
			</method>
			<method name="(anonymous_107)"  hits="36"  signature="()V" >
				<lines><line number="966"  hits="36" /></lines>
			</method>
			<method name="(anonymous_108)"  hits="21"  signature="()V" >
				<lines><line number="971"  hits="21" /></lines>
			</method>
			<method name="(anonymous_109)"  hits="21"  signature="()V" >
				<lines><line number="974"  hits="21" /></lines>
			</method>
			<method name="(anonymous_110)"  hits="1"  signature="()V" >
				<lines><line number="984"  hits="1" /></lines>
			</method>
			<method name="(anonymous_111)"  hits="84"  signature="()V" >
				<lines><line number="986"  hits="84" /></lines>
			</method>
			<method name="(anonymous_112)"  hits="109"  signature="()V" >
				<lines><line number="988"  hits="109" /></lines>
			</method>
			<method name="(anonymous_113)"  hits="78"  signature="()V" >
				<lines><line number="991"  hits="78" /></lines>
			</method>
			<method name="(anonymous_114)"  hits="78"  signature="()V" >
				<lines><line number="1000"  hits="78" /></lines>
			</method>
			<method name="(anonymous_115)"  hits="94"  signature="()V" >
				<lines><line number="1004"  hits="94" /></lines>
			</method>
			<method name="(anonymous_116)"  hits="5"  signature="()V" >
				<lines><line number="1010"  hits="5" /></lines>
			</method>
			<method name="(anonymous_117)"  hits="0"  signature="()V" >
				<lines><line number="1012"  hits="0" /></lines>
			</method>
			<method name="(anonymous_118)"  hits="114"  signature="()V" >
				<lines><line number="1020"  hits="114" /></lines>
			</method>
			<method name="(anonymous_119)"  hits="1"  signature="()V" >
				<lines><line number="1037"  hits="1" /></lines>
			</method>
			<method name="(anonymous_120)"  hits="40"  signature="()V" >
				<lines><line number="1039"  hits="40" /></lines>
			</method>
			<method name="(anonymous_121)"  hits="0"  signature="()V" >
				<lines><line number="1041"  hits="0" /></lines>
			</method>
			<method name="(anonymous_122)"  hits="0"  signature="()V" >
				<lines><line number="1057"  hits="0" /></lines>
			</method>
			<method name="(anonymous_123)"  hits="1"  signature="()V" >
				<lines><line number="1071"  hits="1" /></lines>
			</method>
			<method name="(anonymous_124)"  hits="176"  signature="()V" >
				<lines><line number="1073"  hits="176" /></lines>
			</method>
			<method name="(anonymous_125)"  hits="108"  signature="()V" >
				<lines><line number="1075"  hits="108" /></lines>
			</method>
			<method name="(anonymous_126)"  hits="60"  signature="()V" >
				<lines><line number="1078"  hits="60" /></lines>
			</method>
			<method name="(anonymous_127)"  hits="22"  signature="()V" >
				<lines><line number="1081"  hits="22" /></lines>
			</method>
			<method name="(anonymous_128)"  hits="16"  signature="()V" >
				<lines><line number="1090"  hits="16" /></lines>
			</method>
			<method name="(anonymous_129)"  hits="90"  signature="()V" >
				<lines><line number="1099"  hits="90" /></lines>
			</method>
			<method name="(anonymous_130)"  hits="78"  signature="()V" >
				<lines><line number="1113"  hits="78" /></lines>
			</method>
			<method name="(anonymous_131)"  hits="0"  signature="()V" >
				<lines><line number="1132"  hits="0" /></lines>
			</method>
			<method name="(anonymous_132)"  hits="7"  signature="()V" >
				<lines><line number="1148"  hits="7" /></lines>
			</method>
			<method name="(anonymous_133)"  hits="7"  signature="()V" >
				<lines><line number="1160"  hits="7" /></lines>
			</method>
			<method name="(anonymous_134)"  hits="7"  signature="()V" >
				<lines><line number="1189"  hits="7" /></lines>
			</method>
			<method name="(anonymous_135)"  hits="33"  signature="()V" >
				<lines><line number="1207"  hits="33" /></lines>
			</method>
			<method name="(anonymous_136)"  hits="15"  signature="()V" >
				<lines><line number="1211"  hits="15" /></lines>
			</method>
			<method name="(anonymous_137)"  hits="11"  signature="()V" >
				<lines><line number="1216"  hits="11" /></lines>
			</method>
			<method name="(anonymous_138)"  hits="13"  signature="()V" >
				<lines><line number="1219"  hits="13" /></lines>
			</method>
			<method name="(anonymous_139)"  hits="0"  signature="()V" >
				<lines><line number="1247"  hits="0" /></lines>
			</method>
			<method name="(anonymous_140)"  hits="8"  signature="()V" >
				<lines><line number="1275"  hits="8" /></lines>
			</method>
			<method name="(anonymous_141)"  hits="0"  signature="()V" >
				<lines><line number="1299"  hits="0" /></lines>
			</method>
			<method name="(anonymous_142)"  hits="12"  signature="()V" >
				<lines><line number="1316"  hits="12" /></lines>
			</method>
			<method name="(anonymous_143)"  hits="17"  signature="()V" >
				<lines><line number="1322"  hits="17" /></lines>
			</method>
			<method name="(anonymous_144)"  hits="0"  signature="()V" >
				<lines><line number="1329"  hits="0" /></lines>
			</method>
			<method name="(anonymous_145)"  hits="0"  signature="()V" >
				<lines><line number="1335"  hits="0" /></lines>
			</method>
			<method name="(anonymous_146)"  hits="0"  signature="()V" >
				<lines><line number="1340"  hits="0" /></lines>
			</method>
			<method name="(anonymous_147)"  hits="1"  signature="()V" >
				<lines><line number="1348"  hits="1" /></lines>
			</method>
			<method name="(anonymous_148)"  hits="35"  signature="()V" >
				<lines><line number="1350"  hits="35" /></lines>
			</method>
			<method name="(anonymous_149)"  hits="0"  signature="()V" >
				<lines><line number="1354"  hits="0" /></lines>
			</method>
			<method name="(anonymous_150)"  hits="0"  signature="()V" >
				<lines><line number="1357"  hits="0" /></lines>
			</method>
			<method name="(anonymous_151)"  hits="0"  signature="()V" >
				<lines><line number="1358"  hits="0" /></lines>
			</method>
			<method name="(anonymous_152)"  hits="38"  signature="()V" >
				<lines><line number="1371"  hits="38" /></lines>
			</method>
			<method name="(anonymous_153)"  hits="0"  signature="()V" >
				<lines><line number="1382"  hits="0" /></lines>
			</method>
			<method name="(anonymous_154)"  hits="0"  signature="()V" >
				<lines><line number="1385"  hits="0" /></lines>
			</method>
			<method name="(anonymous_155)"  hits="0"  signature="()V" >
				<lines><line number="1397"  hits="0" /></lines>
			</method>
			<method name="(anonymous_156)"  hits="41"  signature="()V" >
				<lines><line number="1401"  hits="41" /></lines>
			</method>
			<method name="(anonymous_157)"  hits="1"  signature="()V" >
				<lines><line number="1414"  hits="1" /></lines>
			</method>
			<method name="(anonymous_158)"  hits="1"  signature="()V" >
				<lines><line number="1415"  hits="1" /></lines>
			</method>
			<method name="ctor"  hits="1"  signature="()V" >
				<lines><line number="1415"  hits="1" /></lines>
			</method>
			<method name="(anonymous_160)"  hits="1"  signature="()V" >
				<lines><line number="1419"  hits="1" /></lines>
			</method>
			<method name="(anonymous_161)"  hits="1"  signature="()V" >
				<lines><line number="1421"  hits="1" /></lines>
			</method>
			<method name="Linked"  hits="1"  signature="()V" >
				<lines><line number="1424"  hits="1" /></lines>
			</method>
			<method name="(anonymous_163)"  hits="1"  signature="()V" >
				<lines><line number="1439"  hits="1" /></lines>
			</method>
			<method name="(anonymous_164)"  hits="199"  signature="()V" >
				<lines><line number="1441"  hits="199" /></lines>
			</method>
			<method name="(anonymous_165)"  hits="1"  signature="()V" >
				<lines><line number="1450"  hits="1" /></lines>
			</method>
			<method name="(anonymous_166)"  hits="528"  signature="()V" >
				<lines><line number="1451"  hits="528" /></lines>
			</method>
			<method name="(anonymous_167)"  hits="188"  signature="()V" >
				<lines><line number="1451"  hits="188" /></lines>
			</method>
			<method name="(anonymous_168)"  hits="71"  signature="()V" >
				<lines><line number="1452"  hits="71" /></lines>
			</method>
			<method name="ctor"  hits="71"  signature="()V" >
				<lines><line number="1452"  hits="71" /></lines>
			</method>
			<method name="(anonymous_170)"  hits="71"  signature="()V" >
				<lines><line number="1456"  hits="71" /></lines>
			</method>
			<method name="(anonymous_171)"  hits="71"  signature="()V" >
				<lines><line number="1457"  hits="71" /></lines>
			</method>
			<method name="_Class"  hits="66"  signature="()V" >
				<lines><line number="1460"  hits="66" /></lines>
			</method>
			<method name="(anonymous_173)"  hits="14"  signature="()V" >
				<lines><line number="1478"  hits="14" /></lines>
			</method>
			<method name="(anonymous_174)"  hits="12"  signature="()V" >
				<lines><line number="1492"  hits="12" /></lines>
			</method>
			<method name="(anonymous_175)"  hits="8"  signature="()V" >
				<lines><line number="1510"  hits="8" /></lines>
			</method>
			<method name="(anonymous_176)"  hits="20"  signature="()V" >
				<lines><line number="1511"  hits="20" /></lines>
			</method>
			<method name="(anonymous_177)"  hits="20"  signature="()V" >
				<lines><line number="1525"  hits="20" /></lines>
			</method>
			<method name="(anonymous_178)"  hits="0"  signature="()V" >
				<lines><line number="1529"  hits="0" /></lines>
			</method>
			<method name="(anonymous_179)"  hits="0"  signature="()V" >
				<lines><line number="1534"  hits="0" /></lines>
			</method>
			<method name="(anonymous_180)"  hits="130"  signature="()V" >
				<lines><line number="1544"  hits="130" /></lines>
			</method>
			<method name="(anonymous_181)"  hits="1"  signature="()V" >
				<lines><line number="1556"  hits="1" /></lines>
			</method>
			<method name="(anonymous_182)"  hits="344"  signature="()V" >
				<lines><line number="1582"  hits="344" /></lines>
			</method>
			<method name="(anonymous_183)"  hits="344"  signature="()V" >
				<lines><line number="1587"  hits="344" /></lines>
			</method>
			<method name="(anonymous_184)"  hits="0"  signature="()V" >
				<lines><line number="1621"  hits="0" /></lines>
			</method>
			<method name="(anonymous_185)"  hits="25"  signature="()V" >
				<lines><line number="1636"  hits="25" /></lines>
			</method>
			<method name="(anonymous_186)"  hits="0"  signature="()V" >
				<lines><line number="1638"  hits="0" /></lines>
			</method>
			<method name="(anonymous_187)"  hits="2"  signature="()V" >
				<lines><line number="1650"  hits="2" /></lines>
			</method>
			<method name="(anonymous_188)"  hits="21"  signature="()V" >
				<lines><line number="1658"  hits="21" /></lines>
			</method>
			<method name="(anonymous_189)"  hits="1"  signature="()V" >
				<lines><line number="1683"  hits="1" /></lines>
			</method>
			<method name="(anonymous_190)"  hits="23"  signature="()V" >
				<lines><line number="1685"  hits="23" /></lines>
			</method>
			<method name="(anonymous_191)"  hits="19"  signature="()V" >
				<lines><line number="1687"  hits="19" /></lines>
			</method>
			<method name="(anonymous_192)"  hits="11"  signature="()V" >
				<lines><line number="1689"  hits="11" /></lines>
			</method>
			<method name="(anonymous_193)"  hits="2"  signature="()V" >
				<lines><line number="1696"  hits="2" /></lines>
			</method>
			<method name="(anonymous_194)"  hits="4"  signature="()V" >
				<lines><line number="1702"  hits="4" /></lines>
			</method>
			<method name="(anonymous_195)"  hits="4"  signature="()V" >
				<lines><line number="1722"  hits="4" /></lines>
			</method>
			<method name="(anonymous_196)"  hits="1"  signature="()V" >
				<lines><line number="1748"  hits="1" /></lines>
			</method>
			<method name="(anonymous_197)"  hits="69"  signature="()V" >
				<lines><line number="1750"  hits="69" /></lines>
			</method>
			<method name="(anonymous_198)"  hits="69"  signature="()V" >
				<lines><line number="1763"  hits="69" /></lines>
			</method>
			<method name="(anonymous_199)"  hits="18"  signature="()V" >
				<lines><line number="1771"  hits="18" /></lines>
			</method>
			<method name="(anonymous_200)"  hits="0"  signature="()V" >
				<lines><line number="1779"  hits="0" /></lines>
			</method>
			<method name="(anonymous_201)"  hits="21"  signature="()V" >
				<lines><line number="1787"  hits="21" /></lines>
			</method>
			<method name="(anonymous_202)"  hits="26"  signature="()V" >
				<lines><line number="1790"  hits="26" /></lines>
			</method>
			<method name="(anonymous_203)"  hits="0"  signature="()V" >
				<lines><line number="1795"  hits="0" /></lines>
			</method>
			<method name="(anonymous_204)"  hits="1"  signature="()V" >
				<lines><line number="1795"  hits="1" /></lines>
			</method>
			<method name="(anonymous_205)"  hits="4"  signature="()V" >
				<lines><line number="1799"  hits="4" /></lines>
			</method>
			<method name="(anonymous_206)"  hits="1"  signature="()V" >
				<lines><line number="1801"  hits="1" /></lines>
			</method>
			<method name="(anonymous_207)"  hits="1"  signature="()V" >
				<lines><line number="1804"  hits="1" /></lines>
			</method>
			<method name="(anonymous_208)"  hits="1"  signature="()V" >
				<lines><line number="1810"  hits="1" /></lines>
			</method>
			<method name="(anonymous_209)"  hits="40"  signature="()V" >
				<lines><line number="1824"  hits="40" /></lines>
			</method>
			<method name="(anonymous_210)"  hits="54"  signature="()V" >
				<lines><line number="1830"  hits="54" /></lines>
			</method>
			<method name="(anonymous_211)"  hits="12"  signature="()V" >
				<lines><line number="1833"  hits="12" /></lines>
			</method>
			<method name="(anonymous_212)"  hits="2"  signature="()V" >
				<lines><line number="1839"  hits="2" /></lines>
			</method>
			<method name="(anonymous_213)"  hits="2"  signature="()V" >
				<lines><line number="1846"  hits="2" /></lines>
			</method>
			<method name="(anonymous_214)"  hits="1"  signature="()V" >
				<lines><line number="1868"  hits="1" /></lines>
			</method>
			<method name="(anonymous_215)"  hits="891"  signature="()V" >
				<lines><line number="1869"  hits="891" /></lines>
			</method>
			<method name="(anonymous_216)"  hits="262"  signature="()V" >
				<lines><line number="1869"  hits="262" /></lines>
			</method>
			<method name="(anonymous_217)"  hits="130"  signature="()V" >
				<lines><line number="1871"  hits="130" /></lines>
			</method>
			<method name="(anonymous_218)"  hits="130"  signature="()V" >
				<lines><line number="1877"  hits="130" /></lines>
			</method>
			<method name="PropMap"  hits="99"  signature="()V" >
				<lines><line number="1878"  hits="99" /></lines>
			</method>
			<method name="(anonymous_220)"  hits="119"  signature="()V" >
				<lines><line number="1896"  hits="119" /></lines>
			</method>
			<method name="(anonymous_221)"  hits="64"  signature="()V" >
				<lines><line number="1900"  hits="64" /></lines>
			</method>
			<method name="(anonymous_222)"  hits="60"  signature="()V" >
				<lines><line number="1905"  hits="60" /></lines>
			</method>
			<method name="(anonymous_223)"  hits="4"  signature="()V" >
				<lines><line number="1913"  hits="4" /></lines>
			</method>
			<method name="(anonymous_224)"  hits="9"  signature="()V" >
				<lines><line number="1928"  hits="9" /></lines>
			</method>
			<method name="(anonymous_225)"  hits="16"  signature="()V" >
				<lines><line number="1938"  hits="16" /></lines>
			</method>
			<method name="(anonymous_226)"  hits="8"  signature="()V" >
				<lines><line number="1949"  hits="8" /></lines>
			</method>
			<method name="(anonymous_227)"  hits="1"  signature="()V" >
				<lines><line number="1953"  hits="1" /></lines>
			</method>
			<method name="(anonymous_228)"  hits="6"  signature="()V" >
				<lines><line number="1957"  hits="6" /></lines>
			</method>
			<method name="(anonymous_229)"  hits="0"  signature="()V" >
				<lines><line number="1964"  hits="0" /></lines>
			</method>
			<method name="(anonymous_230)"  hits="0"  signature="()V" >
				<lines><line number="1965"  hits="0" /></lines>
			</method>
			<method name="(anonymous_231)"  hits="0"  signature="()V" >
				<lines><line number="1966"  hits="0" /></lines>
			</method>
			<method name="(anonymous_232)"  hits="0"  signature="()V" >
				<lines><line number="1972"  hits="0" /></lines>
			</method>
			<method name="(anonymous_233)"  hits="34"  signature="()V" >
				<lines><line number="1976"  hits="34" /></lines>
			</method>
			<method name="(anonymous_234)"  hits="40"  signature="()V" >
				<lines><line number="1977"  hits="40" /></lines>
			</method>
			<method name="(anonymous_235)"  hits="4"  signature="()V" >
				<lines><line number="1982"  hits="4" /></lines>
			</method>
			<method name="(anonymous_236)"  hits="8"  signature="()V" >
				<lines><line number="1983"  hits="8" /></lines>
			</method>
			<method name="(anonymous_237)"  hits="1"  signature="()V" >
				<lines><line number="1997"  hits="1" /></lines>
			</method>
			<method name="(anonymous_238)"  hits="38"  signature="()V" >
				<lines><line number="1999"  hits="38" /></lines>
			</method>
			<method name="(anonymous_239)"  hits="3"  signature="()V" >
				<lines><line number="2001"  hits="3" /></lines>
			</method>
			<method name="(anonymous_240)"  hits="24"  signature="()V" >
				<lines><line number="2002"  hits="24" /></lines>
			</method>
			<method name="(anonymous_241)"  hits="0"  signature="()V" >
				<lines><line number="2003"  hits="0" /></lines>
			</method>
			<method name="(anonymous_242)"  hits="1"  signature="()V" >
				<lines><line number="2017"  hits="1" /></lines>
			</method>
			<method name="(anonymous_243)"  hits="110"  signature="()V" >
				<lines><line number="2018"  hits="110" /></lines>
			</method>
			<method name="(anonymous_244)"  hits="10"  signature="()V" >
				<lines><line number="2018"  hits="10" /></lines>
			</method>
			<method name="(anonymous_245)"  hits="19"  signature="()V" >
				<lines><line number="2021"  hits="19" /></lines>
			</method>
			<method name="(anonymous_246)"  hits="19"  signature="()V" >
				<lines><line number="2023"  hits="19" /></lines>
			</method>
			<method name="ClustererMarkerManager"  hits="10"  signature="()V" >
				<lines><line number="2026"  hits="10" /></lines>
			</method>
			<method name="(anonymous_248)"  hits="0"  signature="()V" >
				<lines><line number="2052"  hits="0" /></lines>
			</method>
			<method name="(anonymous_249)"  hits="0"  signature="()V" >
				<lines><line number="2060"  hits="0" /></lines>
			</method>
			<method name="(anonymous_250)"  hits="0"  signature="()V" >
				<lines><line number="2067"  hits="0" /></lines>
			</method>
			<method name="(anonymous_251)"  hits="0"  signature="()V" >
				<lines><line number="2072"  hits="0" /></lines>
			</method>
			<method name="(anonymous_252)"  hits="0"  signature="()V" >
				<lines><line number="2073"  hits="0" /></lines>
			</method>
			<method name="(anonymous_253)"  hits="0"  signature="()V" >
				<lines><line number="2074"  hits="0" /></lines>
			</method>
			<method name="(anonymous_254)"  hits="0"  signature="()V" >
				<lines><line number="2080"  hits="0" /></lines>
			</method>
			<method name="(anonymous_255)"  hits="0"  signature="()V" >
				<lines><line number="2091"  hits="0" /></lines>
			</method>
			<method name="(anonymous_256)"  hits="0"  signature="()V" >
				<lines><line number="2092"  hits="0" /></lines>
			</method>
			<method name="(anonymous_257)"  hits="0"  signature="()V" >
				<lines><line number="2093"  hits="0" /></lines>
			</method>
			<method name="(anonymous_258)"  hits="0"  signature="()V" >
				<lines><line number="2099"  hits="0" /></lines>
			</method>
			<method name="(anonymous_259)"  hits="0"  signature="()V" >
				<lines><line number="2103"  hits="0" /></lines>
			</method>
			<method name="(anonymous_260)"  hits="10"  signature="()V" >
				<lines><line number="2108"  hits="10" /></lines>
			</method>
			<method name="(anonymous_261)"  hits="0"  signature="()V" >
				<lines><line number="2126"  hits="0" /></lines>
			</method>
			<method name="(anonymous_262)"  hits="0"  signature="()V" >
				<lines><line number="2131"  hits="0" /></lines>
			</method>
			<method name="(anonymous_263)"  hits="0"  signature="()V" >
				<lines><line number="2136"  hits="0" /></lines>
			</method>
			<method name="(anonymous_264)"  hits="0"  signature="()V" >
				<lines><line number="2140"  hits="0" /></lines>
			</method>
			<method name="(anonymous_265)"  hits="0"  signature="()V" >
				<lines><line number="2144"  hits="0" /></lines>
			</method>
			<method name="(anonymous_266)"  hits="1"  signature="()V" >
				<lines><line number="2154"  hits="1" /></lines>
			</method>
			<method name="(anonymous_267)"  hits="35"  signature="()V" >
				<lines><line number="2156"  hits="35" /></lines>
			</method>
			<method name="(anonymous_268)"  hits="0"  signature="()V" >
				<lines><line number="2161"  hits="0" /></lines>
			</method>
			<method name="(anonymous_269)"  hits="0"  signature="()V" >
				<lines><line number="2175"  hits="0" /></lines>
			</method>
			<method name="(anonymous_270)"  hits="1"  signature="()V" >
				<lines><line number="2189"  hits="1" /></lines>
			</method>
			<method name="(anonymous_271)"  hits="286"  signature="()V" >
				<lines><line number="2190"  hits="286" /></lines>
			</method>
			<method name="(anonymous_272)"  hits="102"  signature="()V" >
				<lines><line number="2190"  hits="102" /></lines>
			</method>
			<method name="(anonymous_273)"  hits="37"  signature="()V" >
				<lines><line number="2193"  hits="37" /></lines>
			</method>
			<method name="(anonymous_274)"  hits="37"  signature="()V" >
				<lines><line number="2195"  hits="37" /></lines>
			</method>
			<method name="MarkerManager"  hits="26"  signature="()V" >
				<lines><line number="2198"  hits="26" /></lines>
			</method>
			<method name="(anonymous_276)"  hits="34"  signature="()V" >
				<lines><line number="2217"  hits="34" /></lines>
			</method>
			<method name="(anonymous_277)"  hits="0"  signature="()V" >
				<lines><line number="2234"  hits="0" /></lines>
			</method>
			<method name="(anonymous_278)"  hits="0"  signature="()V" >
				<lines><line number="2242"  hits="0" /></lines>
			</method>
			<method name="(anonymous_279)"  hits="0"  signature="()V" >
				<lines><line number="2243"  hits="0" /></lines>
			</method>
			<method name="(anonymous_280)"  hits="0"  signature="()V" >
				<lines><line number="2244"  hits="0" /></lines>
			</method>
			<method name="(anonymous_281)"  hits="2"  signature="()V" >
				<lines><line number="2250"  hits="2" /></lines>
			</method>
			<method name="(anonymous_282)"  hits="0"  signature="()V" >
				<lines><line number="2260"  hits="0" /></lines>
			</method>
			<method name="(anonymous_283)"  hits="0"  signature="()V" >
				<lines><line number="2261"  hits="0" /></lines>
			</method>
			<method name="(anonymous_284)"  hits="0"  signature="()V" >
				<lines><line number="2262"  hits="0" /></lines>
			</method>
			<method name="(anonymous_285)"  hits="33"  signature="()V" >
				<lines><line number="2268"  hits="33" /></lines>
			</method>
			<method name="(anonymous_286)"  hits="33"  signature="()V" >
				<lines><line number="2271"  hits="33" /></lines>
			</method>
			<method name="(anonymous_287)"  hits="40"  signature="()V" >
				<lines><line number="2272"  hits="40" /></lines>
			</method>
			<method name="(anonymous_288)"  hits="33"  signature="()V" >
				<lines><line number="2283"  hits="33" /></lines>
			</method>
			<method name="(anonymous_289)"  hits="0"  signature="()V" >
				<lines><line number="2284"  hits="0" /></lines>
			</method>
			<method name="(anonymous_290)"  hits="0"  signature="()V" >
				<lines><line number="2291"  hits="0" /></lines>
			</method>
			<method name="(anonymous_291)"  hits="1"  signature="()V" >
				<lines><line number="2295"  hits="1" /></lines>
			</method>
			<method name="(anonymous_292)"  hits="0"  signature="()V" >
				<lines><line number="2296"  hits="0" /></lines>
			</method>
			<method name="(anonymous_293)"  hits="30"  signature="()V" >
				<lines><line number="2303"  hits="30" /></lines>
			</method>
			<method name="(anonymous_294)"  hits="0"  signature="()V" >
				<lines><line number="2317"  hits="0" /></lines>
			</method>
			<method name="(anonymous_295)"  hits="2"  signature="()V" >
				<lines><line number="2321"  hits="2" /></lines>
			</method>
			<method name="(anonymous_296)"  hits="1"  signature="()V" >
				<lines><line number="2333"  hits="1" /></lines>
			</method>
			<method name="(anonymous_297)"  hits="0"  signature="()V" >
				<lines><line number="2334"  hits="0" /></lines>
			</method>
			<method name="(anonymous_298)"  hits="0"  signature="()V" >
				<lines><line number="2334"  hits="0" /></lines>
			</method>
			<method name="(anonymous_299)"  hits="19"  signature="()V" >
				<lines><line number="2337"  hits="19" /></lines>
			</method>
			<method name="(anonymous_300)"  hits="19"  signature="()V" >
				<lines><line number="2339"  hits="19" /></lines>
			</method>
			<method name="SpiderfierMarkerManager"  hits="0"  signature="()V" >
				<lines><line number="2342"  hits="0" /></lines>
			</method>
			<method name="(anonymous_302)"  hits="0"  signature="()V" >
				<lines><line number="2368"  hits="0" /></lines>
			</method>
			<method name="(anonymous_303)"  hits="0"  signature="()V" >
				<lines><line number="2376"  hits="0" /></lines>
			</method>
			<method name="(anonymous_304)"  hits="0"  signature="()V" >
				<lines><line number="2384"  hits="0" /></lines>
			</method>
			<method name="(anonymous_305)"  hits="0"  signature="()V" >
				<lines><line number="2389"  hits="0" /></lines>
			</method>
			<method name="(anonymous_306)"  hits="0"  signature="()V" >
				<lines><line number="2390"  hits="0" /></lines>
			</method>
			<method name="(anonymous_307)"  hits="0"  signature="()V" >
				<lines><line number="2391"  hits="0" /></lines>
			</method>
			<method name="(anonymous_308)"  hits="0"  signature="()V" >
				<lines><line number="2397"  hits="0" /></lines>
			</method>
			<method name="(anonymous_309)"  hits="0"  signature="()V" >
				<lines><line number="2409"  hits="0" /></lines>
			</method>
			<method name="(anonymous_310)"  hits="0"  signature="()V" >
				<lines><line number="2410"  hits="0" /></lines>
			</method>
			<method name="(anonymous_311)"  hits="0"  signature="()V" >
				<lines><line number="2411"  hits="0" /></lines>
			</method>
			<method name="(anonymous_312)"  hits="0"  signature="()V" >
				<lines><line number="2417"  hits="0" /></lines>
			</method>
			<method name="(anonymous_313)"  hits="0"  signature="()V" >
				<lines><line number="2419"  hits="0" /></lines>
			</method>
			<method name="(anonymous_314)"  hits="0"  signature="()V" >
				<lines><line number="2423"  hits="0" /></lines>
			</method>
			<method name="(anonymous_315)"  hits="0"  signature="()V" >
				<lines><line number="2425"  hits="0" /></lines>
			</method>
			<method name="(anonymous_316)"  hits="0"  signature="()V" >
				<lines><line number="2426"  hits="0" /></lines>
			</method>
			<method name="(anonymous_317)"  hits="0"  signature="()V" >
				<lines><line number="2429"  hits="0" /></lines>
			</method>
			<method name="(anonymous_318)"  hits="0"  signature="()V" >
				<lines><line number="2442"  hits="0" /></lines>
			</method>
			<method name="(anonymous_319)"  hits="0"  signature="()V" >
				<lines><line number="2455"  hits="0" /></lines>
			</method>
			<method name="(anonymous_320)"  hits="0"  signature="()V" >
				<lines><line number="2460"  hits="0" /></lines>
			</method>
			<method name="(anonymous_321)"  hits="0"  signature="()V" >
				<lines><line number="2464"  hits="0" /></lines>
			</method>
			<method name="(anonymous_322)"  hits="0"  signature="()V" >
				<lines><line number="2468"  hits="0" /></lines>
			</method>
			<method name="(anonymous_323)"  hits="0"  signature="()V" >
				<lines><line number="2469"  hits="0" /></lines>
			</method>
			<method name="(anonymous_324)"  hits="0"  signature="()V" >
				<lines><line number="2474"  hits="0" /></lines>
			</method>
			<method name="(anonymous_325)"  hits="1"  signature="()V" >
				<lines><line number="2483"  hits="1" /></lines>
			</method>
			<method name="(anonymous_326)"  hits="9"  signature="()V" >
				<lines><line number="2485"  hits="9" /></lines>
			</method>
			<method name="(anonymous_327)"  hits="6"  signature="()V" >
				<lines><line number="2487"  hits="6" /></lines>
			</method>
			<method name="(anonymous_328)"  hits="0"  signature="()V" >
				<lines><line number="2488"  hits="0" /></lines>
			</method>
			<method name="(anonymous_329)"  hits="0"  signature="()V" >
				<lines><line number="2490"  hits="0" /></lines>
			</method>
			<method name="(anonymous_330)"  hits="2"  signature="()V" >
				<lines><line number="2493"  hits="2" /></lines>
			</method>
			<method name="(anonymous_331)"  hits="6"  signature="()V" >
				<lines><line number="2499"  hits="6" /></lines>
			</method>
			<method name="(anonymous_332)"  hits="0"  signature="()V" >
				<lines><line number="2502"  hits="0" /></lines>
			</method>
			<method name="(anonymous_333)"  hits="0"  signature="()V" >
				<lines><line number="2503"  hits="0" /></lines>
			</method>
			<method name="(anonymous_334)"  hits="1"  signature="()V" >
				<lines><line number="2514"  hits="1" /></lines>
			</method>
			<method name="(anonymous_335)"  hits="9"  signature="()V" >
				<lines><line number="2516"  hits="9" /></lines>
			</method>
			<method name="(anonymous_336)"  hits="4"  signature="()V" >
				<lines><line number="2517"  hits="4" /></lines>
			</method>
			<method name="(anonymous_337)"  hits="0"  signature="()V" >
				<lines><line number="2523"  hits="0" /></lines>
			</method>
			<method name="(anonymous_338)"  hits="0"  signature="()V" >
				<lines><line number="2539"  hits="0" /></lines>
			</method>
			<method name="(anonymous_339)"  hits="0"  signature="()V" >
				<lines><line number="2557"  hits="0" /></lines>
			</method>
			<method name="(anonymous_340)"  hits="0"  signature="()V" >
				<lines><line number="2571"  hits="0" /></lines>
			</method>
			<method name="(anonymous_341)"  hits="0"  signature="()V" >
				<lines><line number="2583"  hits="0" /></lines>
			</method>
			<method name="(anonymous_342)"  hits="0"  signature="()V" >
				<lines><line number="2597"  hits="0" /></lines>
			</method>
			<method name="(anonymous_343)"  hits="2"  signature="()V" >
				<lines><line number="2606"  hits="2" /></lines>
			</method>
			<method name="(anonymous_344)"  hits="0"  signature="()V" >
				<lines><line number="2654"  hits="0" /></lines>
			</method>
			<method name="(anonymous_345)"  hits="0"  signature="()V" >
				<lines><line number="2705"  hits="0" /></lines>
			</method>
			<method name="(anonymous_346)"  hits="1"  signature="()V" >
				<lines><line number="2720"  hits="1" /></lines>
			</method>
			<method name="(anonymous_347)"  hits="7"  signature="()V" >
				<lines><line number="2722"  hits="7" /></lines>
			</method>
			<method name="(anonymous_348)"  hits="0"  signature="()V" >
				<lines><line number="2724"  hits="0" /></lines>
			</method>
			<method name="(anonymous_349)"  hits="0"  signature="()V" >
				<lines><line number="2727"  hits="0" /></lines>
			</method>
			<method name="(anonymous_350)"  hits="1"  signature="()V" >
				<lines><line number="2737"  hits="1" /></lines>
			</method>
			<method name="(anonymous_351)"  hits="0"  signature="()V" >
				<lines><line number="2738"  hits="0" /></lines>
			</method>
			<method name="(anonymous_352)"  hits="0"  signature="()V" >
				<lines><line number="2742"  hits="0" /></lines>
			</method>
			<method name="(anonymous_353)"  hits="0"  signature="()V" >
				<lines><line number="2743"  hits="0" /></lines>
			</method>
			<method name="(anonymous_354)"  hits="0"  signature="()V" >
				<lines><line number="2744"  hits="0" /></lines>
			</method>
			<method name="(anonymous_355)"  hits="0"  signature="()V" >
				<lines><line number="2753"  hits="0" /></lines>
			</method>
			<method name="(anonymous_356)"  hits="0"  signature="()V" >
				<lines><line number="2754"  hits="0" /></lines>
			</method>
			<method name="(anonymous_357)"  hits="0"  signature="()V" >
				<lines><line number="2755"  hits="0" /></lines>
			</method>
			<method name="(anonymous_358)"  hits="0"  signature="()V" >
				<lines><line number="2767"  hits="0" /></lines>
			</method>
			<method name="(anonymous_359)"  hits="0"  signature="()V" >
				<lines><line number="2768"  hits="0" /></lines>
			</method>
			<method name="(anonymous_360)"  hits="1"  signature="()V" >
				<lines><line number="2777"  hits="1" /></lines>
			</method>
			<method name="(anonymous_361)"  hits="0"  signature="()V" >
				<lines><line number="2778"  hits="0" /></lines>
			</method>
			<method name="(anonymous_362)"  hits="0"  signature="()V" >
				<lines><line number="2778"  hits="0" /></lines>
			</method>
			<method name="(anonymous_363)"  hits="18"  signature="()V" >
				<lines><line number="2779"  hits="18" /></lines>
			</method>
			<method name="ctor"  hits="18"  signature="()V" >
				<lines><line number="2779"  hits="18" /></lines>
			</method>
			<method name="(anonymous_365)"  hits="18"  signature="()V" >
				<lines><line number="2783"  hits="18" /></lines>
			</method>
			<method name="(anonymous_366)"  hits="18"  signature="()V" >
				<lines><line number="2785"  hits="18" /></lines>
			</method>
			<method name="CommonOptionsBuilder"  hits="0"  signature="()V" >
				<lines><line number="2788"  hits="0" /></lines>
			</method>
			<method name="(anonymous_368)"  hits="28"  signature="()V" >
				<lines><line number="2801"  hits="28" /></lines>
			</method>
			<method name="(anonymous_369)"  hits="15"  signature="()V" >
				<lines><line number="2809"  hits="15" /></lines>
			</method>
			<method name="(anonymous_370)"  hits="15"  signature="()V" >
				<lines><line number="2842"  hits="15" /></lines>
			</method>
			<method name="(anonymous_371)"  hits="124"  signature="()V" >
				<lines><line number="2843"  hits="124" /></lines>
			</method>
			<method name="(anonymous_372)"  hits="10"  signature="()V" >
				<lines><line number="2859"  hits="10" /></lines>
			</method>
			<method name="(anonymous_373)"  hits="10"  signature="()V" >
				<lines><line number="2863"  hits="10" /></lines>
			</method>
			<method name="(anonymous_374)"  hits="90"  signature="()V" >
				<lines><line number="2864"  hits="90" /></lines>
			</method>
			<method name="(anonymous_375)"  hits="1"  signature="()V" >
				<lines><line number="2883"  hits="1" /></lines>
			</method>
			<method name="(anonymous_376)"  hits="33"  signature="()V" >
				<lines><line number="2884"  hits="33" /></lines>
			</method>
			<method name="ctor"  hits="33"  signature="()V" >
				<lines><line number="2884"  hits="33" /></lines>
			</method>
			<method name="(anonymous_378)"  hits="3"  signature="()V" >
				<lines><line number="2888"  hits="3" /></lines>
			</method>
			<method name="(anonymous_379)"  hits="3"  signature="()V" >
				<lines><line number="2890"  hits="3" /></lines>
			</method>
			<method name="PolylineOptionsBuilder"  hits="0"  signature="()V" >
				<lines><line number="2893"  hits="0" /></lines>
			</method>
			<method name="(anonymous_381)"  hits="2"  signature="()V" >
				<lines><line number="2897"  hits="2" /></lines>
			</method>
			<method name="(anonymous_382)"  hits="15"  signature="()V" >
				<lines><line number="2910"  hits="15" /></lines>
			</method>
			<method name="(anonymous_383)"  hits="15"  signature="()V" >
				<lines><line number="2912"  hits="15" /></lines>
			</method>
			<method name="ShapeOptionsBuilder"  hits="0"  signature="()V" >
				<lines><line number="2915"  hits="0" /></lines>
			</method>
			<method name="(anonymous_385)"  hits="13"  signature="()V" >
				<lines><line number="2919"  hits="13" /></lines>
			</method>
			<method name="(anonymous_386)"  hits="6"  signature="()V" >
				<lines><line number="2935"  hits="6" /></lines>
			</method>
			<method name="(anonymous_387)"  hits="6"  signature="()V" >
				<lines><line number="2937"  hits="6" /></lines>
			</method>
			<method name="PolygonOptionsBuilder"  hits="0"  signature="()V" >
				<lines><line number="2940"  hits="0" /></lines>
			</method>
			<method name="(anonymous_389)"  hits="2"  signature="()V" >
				<lines><line number="2944"  hits="2" /></lines>
			</method>
			<method name="(anonymous_390)"  hits="0"  signature="()V" >
				<lines><line number="2957"  hits="0" /></lines>
			</method>
			<method name="(anonymous_391)"  hits="0"  signature="()V" >
				<lines><line number="2959"  hits="0" /></lines>
			</method>
			<method name="RectangleOptionsBuilder"  hits="0"  signature="()V" >
				<lines><line number="2962"  hits="0" /></lines>
			</method>
			<method name="(anonymous_393)"  hits="0"  signature="()V" >
				<lines><line number="2966"  hits="0" /></lines>
			</method>
			<method name="(anonymous_394)"  hits="9"  signature="()V" >
				<lines><line number="2977"  hits="9" /></lines>
			</method>
			<method name="(anonymous_395)"  hits="9"  signature="()V" >
				<lines><line number="2979"  hits="9" /></lines>
			</method>
			<method name="CircleOptionsBuilder"  hits="0"  signature="()V" >
				<lines><line number="2982"  hits="0" /></lines>
			</method>
			<method name="(anonymous_397)"  hits="11"  signature="()V" >
				<lines><line number="2986"  hits="11" /></lines>
			</method>
			<method name="(anonymous_398)"  hits="1"  signature="()V" >
				<lines><line number="3000"  hits="1" /></lines>
			</method>
			<method name="(anonymous_399)"  hits="39"  signature="()V" >
				<lines><line number="3002"  hits="39" /></lines>
			</method>
			<method name="(anonymous_400)"  hits="32"  signature="()V" >
				<lines><line number="3004"  hits="32" /></lines>
			</method>
			<method name="(anonymous_401)"  hits="88"  signature="()V" >
				<lines><line number="3023"  hits="88" /></lines>
			</method>
			<method name="(anonymous_402)"  hits="1"  signature="()V" >
				<lines><line number="3037"  hits="1" /></lines>
			</method>
			<method name="(anonymous_403)"  hits="4"  signature="()V" >
				<lines><line number="3038"  hits="4" /></lines>
			</method>
			<method name="(anonymous_404)"  hits="4"  signature="()V" >
				<lines><line number="3038"  hits="4" /></lines>
			</method>
			<method name="(anonymous_405)"  hits="9"  signature="()V" >
				<lines><line number="3039"  hits="9" /></lines>
			</method>
			<method name="ctor"  hits="9"  signature="()V" >
				<lines><line number="3039"  hits="9" /></lines>
			</method>
			<method name="(anonymous_407)"  hits="9"  signature="()V" >
				<lines><line number="3043"  hits="9" /></lines>
			</method>
			<method name="(anonymous_408)"  hits="9"  signature="()V" >
				<lines><line number="3044"  hits="9" /></lines>
			</method>
			<method name="(anonymous_409)"  hits="9"  signature="()V" >
				<lines><line number="3046"  hits="9" /></lines>
			</method>
			<method name="BasePolyChildModel"  hits="4"  signature="()V" >
				<lines><line number="3051"  hits="4" /></lines>
			</method>
			<method name="(anonymous_411)"  hits="4"  signature="()V" >
				<lines><line number="3060"  hits="4" /></lines>
			</method>
			<method name="(anonymous_412)"  hits="0"  signature="()V" >
				<lines><line number="3061"  hits="0" /></lines>
			</method>
			<method name="(anonymous_413)"  hits="0"  signature="()V" >
				<lines><line number="3062"  hits="0" /></lines>
			</method>
			<method name="(anonymous_414)"  hits="4"  signature="()V" >
				<lines><line number="3067"  hits="4" /></lines>
			</method>
			<method name="(anonymous_415)"  hits="0"  signature="()V" >
				<lines><line number="3068"  hits="0" /></lines>
			</method>
			<method name="(anonymous_416)"  hits="4"  signature="()V" >
				<lines><line number="3073"  hits="4" /></lines>
			</method>
			<method name="(anonymous_417)"  hits="4"  signature="()V" >
				<lines><line number="3074"  hits="4" /></lines>
			</method>
			<method name="(anonymous_418)"  hits="0"  signature="()V" >
				<lines><line number="3090"  hits="0" /></lines>
			</method>
			<method name="(anonymous_419)"  hits="4"  signature="()V" >
				<lines><line number="3108"  hits="4" /></lines>
			</method>
			<method name="(anonymous_420)"  hits="4"  signature="()V" >
				<lines><line number="3109"  hits="4" /></lines>
			</method>
			<method name="(anonymous_421)"  hits="0"  signature="()V" >
				<lines><line number="3116"  hits="0" /></lines>
			</method>
			<method name="(anonymous_422)"  hits="0"  signature="()V" >
				<lines><line number="3117"  hits="0" /></lines>
			</method>
			<method name="(anonymous_423)"  hits="2"  signature="()V" >
				<lines><line number="3127"  hits="2" /></lines>
			</method>
			<method name="(anonymous_424)"  hits="2"  signature="()V" >
				<lines><line number="3128"  hits="2" /></lines>
			</method>
			<method name="(anonymous_425)"  hits="2"  signature="()V" >
				<lines><line number="3138"  hits="2" /></lines>
			</method>
			<method name="(anonymous_426)"  hits="2"  signature="()V" >
				<lines><line number="3139"  hits="2" /></lines>
			</method>
			<method name="(anonymous_427)"  hits="2"  signature="()V" >
				<lines><line number="3149"  hits="2" /></lines>
			</method>
			<method name="(anonymous_428)"  hits="2"  signature="()V" >
				<lines><line number="3150"  hits="2" /></lines>
			</method>
			<method name="(anonymous_429)"  hits="2"  signature="()V" >
				<lines><line number="3160"  hits="2" /></lines>
			</method>
			<method name="(anonymous_430)"  hits="2"  signature="()V" >
				<lines><line number="3161"  hits="2" /></lines>
			</method>
			<method name="(anonymous_431)"  hits="2"  signature="()V" >
				<lines><line number="3170"  hits="2" /></lines>
			</method>
			<method name="(anonymous_432)"  hits="2"  signature="()V" >
				<lines><line number="3171"  hits="2" /></lines>
			</method>
			<method name="(anonymous_433)"  hits="0"  signature="()V" >
				<lines><line number="3180"  hits="0" /></lines>
			</method>
			<method name="(anonymous_434)"  hits="0"  signature="()V" >
				<lines><line number="3181"  hits="0" /></lines>
			</method>
			<method name="(anonymous_435)"  hits="0"  signature="()V" >
				<lines><line number="3190"  hits="0" /></lines>
			</method>
			<method name="(anonymous_436)"  hits="0"  signature="()V" >
				<lines><line number="3191"  hits="0" /></lines>
			</method>
			<method name="(anonymous_437)"  hits="4"  signature="()V" >
				<lines><line number="3199"  hits="4" /></lines>
			</method>
			<method name="(anonymous_438)"  hits="4"  signature="()V" >
				<lines><line number="3200"  hits="4" /></lines>
			</method>
			<method name="(anonymous_439)"  hits="2"  signature="()V" >
				<lines><line number="3206"  hits="2" /></lines>
			</method>
			<method name="(anonymous_440)"  hits="2"  signature="()V" >
				<lines><line number="3207"  hits="2" /></lines>
			</method>
			<method name="(anonymous_441)"  hits="2"  signature="()V" >
				<lines><line number="3215"  hits="2" /></lines>
			</method>
			<method name="(anonymous_442)"  hits="2"  signature="()V" >
				<lines><line number="3216"  hits="2" /></lines>
			</method>
			<method name="(anonymous_443)"  hits="0"  signature="()V" >
				<lines><line number="3224"  hits="0" /></lines>
			</method>
			<method name="(anonymous_444)"  hits="0"  signature="()V" >
				<lines><line number="3225"  hits="0" /></lines>
			</method>
			<method name="(anonymous_445)"  hits="4"  signature="()V" >
				<lines><line number="3234"  hits="4" /></lines>
			</method>
			<method name="(anonymous_446)"  hits="1"  signature="()V" >
				<lines><line number="3260"  hits="1" /></lines>
			</method>
			<method name="(anonymous_447)"  hits="0"  signature="()V" >
				<lines><line number="3262"  hits="0" /></lines>
			</method>
			<method name="(anonymous_448)"  hits="0"  signature="()V" >
				<lines><line number="3264"  hits="0" /></lines>
			</method>
			<method name="(anonymous_449)"  hits="0"  signature="()V" >
				<lines><line number="3270"  hits="0" /></lines>
			</method>
			<method name="(anonymous_450)"  hits="0"  signature="()V" >
				<lines><line number="3273"  hits="0" /></lines>
			</method>
			<method name="(anonymous_451)"  hits="0"  signature="()V" >
				<lines><line number="3288"  hits="0" /></lines>
			</method>
			<method name="(anonymous_452)"  hits="0"  signature="()V" >
				<lines><line number="3291"  hits="0" /></lines>
			</method>
			<method name="(anonymous_453)"  hits="0"  signature="()V" >
				<lines><line number="3292"  hits="0" /></lines>
			</method>
			<method name="(anonymous_454)"  hits="0"  signature="()V" >
				<lines><line number="3304"  hits="0" /></lines>
			</method>
			<method name="(anonymous_455)"  hits="0"  signature="()V" >
				<lines><line number="3305"  hits="0" /></lines>
			</method>
			<method name="(anonymous_456)"  hits="0"  signature="()V" >
				<lines><line number="3316"  hits="0" /></lines>
			</method>
			<method name="(anonymous_457)"  hits="0"  signature="()V" >
				<lines><line number="3321"  hits="0" /></lines>
			</method>
			<method name="(anonymous_458)"  hits="0"  signature="()V" >
				<lines><line number="3322"  hits="0" /></lines>
			</method>
			<method name="(anonymous_459)"  hits="0"  signature="()V" >
				<lines><line number="3327"  hits="0" /></lines>
			</method>
			<method name="(anonymous_460)"  hits="1"  signature="()V" >
				<lines><line number="3343"  hits="1" /></lines>
			</method>
			<method name="(anonymous_461)"  hits="336"  signature="()V" >
				<lines><line number="3344"  hits="336" /></lines>
			</method>
			<method name="(anonymous_462)"  hits="180"  signature="()V" >
				<lines><line number="3344"  hits="180" /></lines>
			</method>
			<method name="(anonymous_463)"  hits="37"  signature="()V" >
				<lines><line number="3345"  hits="37" /></lines>
			</method>
			<method name="ctor"  hits="37"  signature="()V" >
				<lines><line number="3345"  hits="37" /></lines>
			</method>
			<method name="(anonymous_465)"  hits="37"  signature="()V" >
				<lines><line number="3349"  hits="37" /></lines>
			</method>
			<method name="(anonymous_466)"  hits="37"  signature="()V" >
				<lines><line number="3351"  hits="37" /></lines>
			</method>
			<method name="(anonymous_467)"  hits="25"  signature="()V" >
				<lines><line number="3362"  hits="25" /></lines>
			</method>
			<method name="MarkerChildModel"  hits="28"  signature="()V" >
				<lines><line number="3376"  hits="28" /></lines>
			</method>
			<method name="(anonymous_469)"  hits="28"  signature="()V" >
				<lines><line number="3395"  hits="28" /></lines>
			</method>
			<method name="(anonymous_470)"  hits="322"  signature="()V" >
				<lines><line number="3396"  hits="322" /></lines>
			</method>
			<method name="(anonymous_471)"  hits="28"  signature="()V" >
				<lines><line number="3409"  hits="28" /></lines>
			</method>
			<method name="(anonymous_472)"  hits="0"  signature="()V" >
				<lines><line number="3410"  hits="0" /></lines>
			</method>
			<method name="(anonymous_473)"  hits="25"  signature="()V" >
				<lines><line number="3417"  hits="25" /></lines>
			</method>
			<method name="(anonymous_474)"  hits="12"  signature="()V" >
				<lines><line number="3418"  hits="12" /></lines>
			</method>
			<method name="(anonymous_475)"  hits="3"  signature="()V" >
				<lines><line number="3425"  hits="3" /></lines>
			</method>
			<method name="(anonymous_476)"  hits="0"  signature="()V" >
				<lines><line number="3426"  hits="0" /></lines>
			</method>
			<method name="(anonymous_477)"  hits="24"  signature="()V" >
				<lines><line number="3435"  hits="24" /></lines>
			</method>
			<method name="(anonymous_478)"  hits="28"  signature="()V" >
				<lines><line number="3439"  hits="28" /></lines>
			</method>
			<method name="(anonymous_479)"  hits="25"  signature="()V" >
				<lines><line number="3440"  hits="25" /></lines>
			</method>
			<method name="(anonymous_480)"  hits="2"  signature="()V" >
				<lines><line number="3448"  hits="2" /></lines>
			</method>
			<method name="(anonymous_481)"  hits="1"  signature="()V" >
				<lines><line number="3456"  hits="1" /></lines>
			</method>
			<method name="(anonymous_482)"  hits="1"  signature="()V" >
				<lines><line number="3462"  hits="1" /></lines>
			</method>
			<method name="(anonymous_483)"  hits="0"  signature="()V" >
				<lines><line number="3463"  hits="0" /></lines>
			</method>
			<method name="(anonymous_484)"  hits="2"  signature="()V" >
				<lines><line number="3474"  hits="2" /></lines>
			</method>
			<method name="(anonymous_485)"  hits="34"  signature="()V" >
				<lines><line number="3481"  hits="34" /></lines>
			</method>
			<method name="(anonymous_486)"  hits="10"  signature="()V" >
				<lines><line number="3511"  hits="10" /></lines>
			</method>
			<method name="(anonymous_487)"  hits="2"  signature="()V" >
				<lines><line number="3533"  hits="2" /></lines>
			</method>
			<method name="(anonymous_488)"  hits="8"  signature="()V" >
				<lines><line number="3534"  hits="8" /></lines>
			</method>
			<method name="(anonymous_489)"  hits="30"  signature="()V" >
				<lines><line number="3555"  hits="30" /></lines>
			</method>
			<method name="(anonymous_490)"  hits="35"  signature="()V" >
				<lines><line number="3572"  hits="35" /></lines>
			</method>
			<method name="(anonymous_491)"  hits="34"  signature="()V" >
				<lines><line number="3583"  hits="34" /></lines>
			</method>
			<method name="(anonymous_492)"  hits="2"  signature="()V" >
				<lines><line number="3593"  hits="2" /></lines>
			</method>
			<method name="(anonymous_493)"  hits="2"  signature="()V" >
				<lines><line number="3600"  hits="2" /></lines>
			</method>
			<method name="(anonymous_494)"  hits="2"  signature="()V" >
				<lines><line number="3601"  hits="2" /></lines>
			</method>
			<method name="(anonymous_495)"  hits="2"  signature="()V" >
				<lines><line number="3617"  hits="2" /></lines>
			</method>
			<method name="(anonymous_496)"  hits="2"  signature="()V" >
				<lines><line number="3624"  hits="2" /></lines>
			</method>
			<method name="(anonymous_497)"  hits="2"  signature="()V" >
				<lines><line number="3625"  hits="2" /></lines>
			</method>
			<method name="(anonymous_498)"  hits="30"  signature="()V" >
				<lines><line number="3640"  hits="30" /></lines>
			</method>
			<method name="(anonymous_499)"  hits="30"  signature="()V" >
				<lines><line number="3648"  hits="30" /></lines>
			</method>
			<method name="(anonymous_500)"  hits="30"  signature="()V" >
				<lines><line number="3649"  hits="30" /></lines>
			</method>
			<method name="(anonymous_501)"  hits="2"  signature="()V" >
				<lines><line number="3685"  hits="2" /></lines>
			</method>
			<method name="(anonymous_502)"  hits="2"  signature="()V" >
				<lines><line number="3708"  hits="2" /></lines>
			</method>
			<method name="(anonymous_503)"  hits="30"  signature="()V" >
				<lines><line number="3715"  hits="30" /></lines>
			</method>
			<method name="(anonymous_504)"  hits="30"  signature="()V" >
				<lines><line number="3717"  hits="30" /></lines>
			</method>
			<method name="(anonymous_505)"  hits="0"  signature="()V" >
				<lines><line number="3718"  hits="0" /></lines>
			</method>
			<method name="(anonymous_506)"  hits="30"  signature="()V" >
				<lines><line number="3730"  hits="30" /></lines>
			</method>
			<method name="(anonymous_507)"  hits="2"  signature="()V" >
				<lines><line number="3731"  hits="2" /></lines>
			</method>
			<method name="(anonymous_508)"  hits="1"  signature="()V" >
				<lines><line number="3750"  hits="1" /></lines>
			</method>
			<method name="(anonymous_509)"  hits="6"  signature="()V" >
				<lines><line number="3751"  hits="6" /></lines>
			</method>
			<method name="ctor"  hits="6"  signature="()V" >
				<lines><line number="3751"  hits="6" /></lines>
			</method>
			<method name="(anonymous_511)"  hits="6"  signature="()V" >
				<lines><line number="3755"  hits="6" /></lines>
			</method>
			<method name="(anonymous_512)"  hits="2"  signature="()V" >
				<lines><line number="3757"  hits="2" /></lines>
			</method>
			<method name="(anonymous_513)"  hits="6"  signature="()V" >
				<lines><line number="3761"  hits="6" /></lines>
			</method>
			<method name="PolygonChildModel"  hits="2"  signature="()V" >
				<lines><line number="3764"  hits="2" /></lines>
			</method>
			<method name="(anonymous_515)"  hits="1"  signature="()V" >
				<lines><line number="3775"  hits="1" /></lines>
			</method>
			<method name="(anonymous_516)"  hits="3"  signature="()V" >
				<lines><line number="3776"  hits="3" /></lines>
			</method>
			<method name="ctor"  hits="3"  signature="()V" >
				<lines><line number="3776"  hits="3" /></lines>
			</method>
			<method name="(anonymous_518)"  hits="3"  signature="()V" >
				<lines><line number="3780"  hits="3" /></lines>
			</method>
			<method name="(anonymous_519)"  hits="2"  signature="()V" >
				<lines><line number="3782"  hits="2" /></lines>
			</method>
			<method name="(anonymous_520)"  hits="3"  signature="()V" >
				<lines><line number="3786"  hits="3" /></lines>
			</method>
			<method name="PolylineChildModel"  hits="2"  signature="()V" >
				<lines><line number="3789"  hits="2" /></lines>
			</method>
			<method name="(anonymous_522)"  hits="1"  signature="()V" >
				<lines><line number="3803"  hits="1" /></lines>
			</method>
			<method name="(anonymous_523)"  hits="52"  signature="()V" >
				<lines><line number="3804"  hits="52" /></lines>
			</method>
			<method name="(anonymous_524)"  hits="43"  signature="()V" >
				<lines><line number="3804"  hits="43" /></lines>
			</method>
			<method name="(anonymous_525)"  hits="7"  signature="()V" >
				<lines><line number="3805"  hits="7" /></lines>
			</method>
			<method name="ctor"  hits="7"  signature="()V" >
				<lines><line number="3805"  hits="7" /></lines>
			</method>
			<method name="(anonymous_527)"  hits="7"  signature="()V" >
				<lines><line number="3809"  hits="7" /></lines>
			</method>
			<method name="(anonymous_528)"  hits="7"  signature="()V" >
				<lines><line number="3811"  hits="7" /></lines>
			</method>
			<method name="WindowChildModel"  hits="4"  signature="()V" >
				<lines><line number="3818"  hits="4" /></lines>
			</method>
			<method name="(anonymous_530)"  hits="20"  signature="()V" >
				<lines><line number="3837"  hits="20" /></lines>
			</method>
			<method name="(anonymous_531)"  hits="4"  signature="()V" >
				<lines><line number="3853"  hits="4" /></lines>
			</method>
			<method name="(anonymous_532)"  hits="1"  signature="()V" >
				<lines><line number="3854"  hits="1" /></lines>
			</method>
			<method name="(anonymous_533)"  hits="8"  signature="()V" >
				<lines><line number="3861"  hits="8" /></lines>
			</method>
			<method name="(anonymous_534)"  hits="4"  signature="()V" >
				<lines><line number="3869"  hits="4" /></lines>
			</method>
			<method name="(anonymous_535)"  hits="4"  signature="()V" >
				<lines><line number="3877"  hits="4" /></lines>
			</method>
			<method name="(anonymous_536)"  hits="4"  signature="()V" >
				<lines><line number="3878"  hits="4" /></lines>
			</method>
			<method name="(anonymous_537)"  hits="0"  signature="()V" >
				<lines><line number="3879"  hits="0" /></lines>
			</method>
			<method name="(anonymous_538)"  hits="4"  signature="()V" >
				<lines><line number="3896"  hits="4" /></lines>
			</method>
			<method name="(anonymous_539)"  hits="0"  signature="()V" >
				<lines><line number="3921"  hits="0" /></lines>
			</method>
			<method name="(anonymous_540)"  hits="4"  signature="()V" >
				<lines><line number="3924"  hits="4" /></lines>
			</method>
			<method name="(anonymous_541)"  hits="0"  signature="()V" >
				<lines><line number="3925"  hits="0" /></lines>
			</method>
			<method name="(anonymous_542)"  hits="0"  signature="()V" >
				<lines><line number="3929"  hits="0" /></lines>
			</method>
			<method name="(anonymous_543)"  hits="4"  signature="()V" >
				<lines><line number="3951"  hits="4" /></lines>
			</method>
			<method name="(anonymous_544)"  hits="4"  signature="()V" >
				<lines><line number="3954"  hits="4" /></lines>
			</method>
			<method name="(anonymous_545)"  hits="0"  signature="()V" >
				<lines><line number="3955"  hits="0" /></lines>
			</method>
			<method name="(anonymous_546)"  hits="4"  signature="()V" >
				<lines><line number="3975"  hits="4" /></lines>
			</method>
			<method name="(anonymous_547)"  hits="4"  signature="()V" >
				<lines><line number="3976"  hits="4" /></lines>
			</method>
			<method name="(anonymous_548)"  hits="0"  signature="()V" >
				<lines><line number="3977"  hits="0" /></lines>
			</method>
			<method name="(anonymous_549)"  hits="4"  signature="()V" >
				<lines><line number="3993"  hits="4" /></lines>
			</method>
			<method name="(anonymous_550)"  hits="4"  signature="()V" >
				<lines><line number="3999"  hits="4" /></lines>
			</method>
			<method name="(anonymous_551)"  hits="0"  signature="()V" >
				<lines><line number="4000"  hits="0" /></lines>
			</method>
			<method name="(anonymous_552)"  hits="8"  signature="()V" >
				<lines><line number="4024"  hits="8" /></lines>
			</method>
			<method name="(anonymous_553)"  hits="8"  signature="()V" >
				<lines><line number="4030"  hits="8" /></lines>
			</method>
			<method name="(anonymous_554)"  hits="8"  signature="()V" >
				<lines><line number="4031"  hits="8" /></lines>
			</method>
			<method name="(anonymous_555)"  hits="0"  signature="()V" >
				<lines><line number="4055"  hits="0" /></lines>
			</method>
			<method name="(anonymous_556)"  hits="0"  signature="()V" >
				<lines><line number="4056"  hits="0" /></lines>
			</method>
			<method name="(anonymous_557)"  hits="0"  signature="()V" >
				<lines><line number="4078"  hits="0" /></lines>
			</method>
			<method name="(anonymous_558)"  hits="1"  signature="()V" >
				<lines><line number="4083"  hits="1" /></lines>
			</method>
			<method name="(anonymous_559)"  hits="0"  signature="()V" >
				<lines><line number="4089"  hits="0" /></lines>
			</method>
			<method name="(anonymous_560)"  hits="1"  signature="()V" >
				<lines><line number="4101"  hits="1" /></lines>
			</method>
			<method name="(anonymous_561)"  hits="1"  signature="()V" >
				<lines><line number="4109"  hits="1" /></lines>
			</method>
			<method name="(anonymous_562)"  hits="0"  signature="()V" >
				<lines><line number="4120"  hits="0" /></lines>
			</method>
			<method name="(anonymous_563)"  hits="1"  signature="()V" >
				<lines><line number="4138"  hits="1" /></lines>
			</method>
			<method name="(anonymous_564)"  hits="33"  signature="()V" >
				<lines><line number="4139"  hits="33" /></lines>
			</method>
			<method name="(anonymous_565)"  hits="3"  signature="()V" >
				<lines><line number="4139"  hits="3" /></lines>
			</method>
			<method name="(anonymous_566)"  hits="3"  signature="()V" >
				<lines><line number="4140"  hits="3" /></lines>
			</method>
			<method name="ctor"  hits="3"  signature="()V" >
				<lines><line number="4140"  hits="3" /></lines>
			</method>
			<method name="(anonymous_568)"  hits="3"  signature="()V" >
				<lines><line number="4144"  hits="3" /></lines>
			</method>
			<method name="(anonymous_569)"  hits="3"  signature="()V" >
				<lines><line number="4145"  hits="3" /></lines>
			</method>
			<method name="(anonymous_570)"  hits="3"  signature="()V" >
				<lines><line number="4147"  hits="3" /></lines>
			</method>
			<method name="BasePolysParentModel"  hits="3"  signature="()V" >
				<lines><line number="4152"  hits="3" /></lines>
			</method>
			<method name="(anonymous_572)"  hits="3"  signature="()V" >
				<lines><line number="4172"  hits="3" /></lines>
			</method>
			<method name="(anonymous_573)"  hits="42"  signature="()V" >
				<lines><line number="4173"  hits="42" /></lines>
			</method>
			<method name="(anonymous_574)"  hits="0"  signature="()V" >
				<lines><line number="4183"  hits="0" /></lines>
			</method>
			<method name="(anonymous_575)"  hits="0"  signature="()V" >
				<lines><line number="4189"  hits="0" /></lines>
			</method>
			<method name="(anonymous_576)"  hits="0"  signature="()V" >
				<lines><line number="4190"  hits="0" /></lines>
			</method>
			<method name="(anonymous_577)"  hits="0"  signature="()V" >
				<lines><line number="4202"  hits="0" /></lines>
			</method>
			<method name="(anonymous_578)"  hits="0"  signature="()V" >
				<lines><line number="4208"  hits="0" /></lines>
			</method>
			<method name="(anonymous_579)"  hits="0"  signature="()V" >
				<lines><line number="4209"  hits="0" /></lines>
			</method>
			<method name="(anonymous_580)"  hits="0"  signature="()V" >
				<lines><line number="4210"  hits="0" /></lines>
			</method>
			<method name="(anonymous_581)"  hits="0"  signature="()V" >
				<lines><line number="4218"  hits="0" /></lines>
			</method>
			<method name="(anonymous_582)"  hits="0"  signature="()V" >
				<lines><line number="4220"  hits="0" /></lines>
			</method>
			<method name="(anonymous_583)"  hits="0"  signature="()V" >
				<lines><line number="4221"  hits="0" /></lines>
			</method>
			<method name="(anonymous_584)"  hits="0"  signature="()V" >
				<lines><line number="4222"  hits="0" /></lines>
			</method>
			<method name="(anonymous_585)"  hits="0"  signature="()V" >
				<lines><line number="4224"  hits="0" /></lines>
			</method>
			<method name="(anonymous_586)"  hits="0"  signature="()V" >
				<lines><line number="4232"  hits="0" /></lines>
			</method>
			<method name="(anonymous_587)"  hits="0"  signature="()V" >
				<lines><line number="4233"  hits="0" /></lines>
			</method>
			<method name="(anonymous_588)"  hits="0"  signature="()V" >
				<lines><line number="4234"  hits="0" /></lines>
			</method>
			<method name="(anonymous_589)"  hits="3"  signature="()V" >
				<lines><line number="4240"  hits="3" /></lines>
			</method>
			<method name="(anonymous_590)"  hits="0"  signature="()V" >
				<lines><line number="4259"  hits="0" /></lines>
			</method>
			<method name="(anonymous_591)"  hits="0"  signature="()V" >
				<lines><line number="4261"  hits="0" /></lines>
			</method>
			<method name="(anonymous_592)"  hits="0"  signature="()V" >
				<lines><line number="4262"  hits="0" /></lines>
			</method>
			<method name="(anonymous_593)"  hits="0"  signature="()V" >
				<lines><line number="4271"  hits="0" /></lines>
			</method>
			<method name="(anonymous_594)"  hits="0"  signature="()V" >
				<lines><line number="4285"  hits="0" /></lines>
			</method>
			<method name="(anonymous_595)"  hits="0"  signature="()V" >
				<lines><line number="4287"  hits="0" /></lines>
			</method>
			<method name="(anonymous_596)"  hits="0"  signature="()V" >
				<lines><line number="4288"  hits="0" /></lines>
			</method>
			<method name="(anonymous_597)"  hits="0"  signature="()V" >
				<lines><line number="4289"  hits="0" /></lines>
			</method>
			<method name="(anonymous_598)"  hits="0"  signature="()V" >
				<lines><line number="4298"  hits="0" /></lines>
			</method>
			<method name="(anonymous_599)"  hits="0"  signature="()V" >
				<lines><line number="4306"  hits="0" /></lines>
			</method>
			<method name="(anonymous_600)"  hits="0"  signature="()V" >
				<lines><line number="4318"  hits="0" /></lines>
			</method>
			<method name="(anonymous_601)"  hits="0"  signature="()V" >
				<lines><line number="4320"  hits="0" /></lines>
			</method>
			<method name="(anonymous_602)"  hits="0"  signature="()V" >
				<lines><line number="4321"  hits="0" /></lines>
			</method>
			<method name="(anonymous_603)"  hits="0"  signature="()V" >
				<lines><line number="4322"  hits="0" /></lines>
			</method>
			<method name="(anonymous_604)"  hits="0"  signature="()V" >
				<lines><line number="4324"  hits="0" /></lines>
			</method>
			<method name="(anonymous_605)"  hits="0"  signature="()V" >
				<lines><line number="4327"  hits="0" /></lines>
			</method>
			<method name="(anonymous_606)"  hits="0"  signature="()V" >
				<lines><line number="4332"  hits="0" /></lines>
			</method>
			<method name="(anonymous_607)"  hits="0"  signature="()V" >
				<lines><line number="4339"  hits="0" /></lines>
			</method>
			<method name="(anonymous_608)"  hits="0"  signature="()V" >
				<lines><line number="4340"  hits="0" /></lines>
			</method>
			<method name="(anonymous_609)"  hits="0"  signature="()V" >
				<lines><line number="4346"  hits="0" /></lines>
			</method>
			<method name="(anonymous_610)"  hits="0"  signature="()V" >
				<lines><line number="4358"  hits="0" /></lines>
			</method>
			<method name="(anonymous_611)"  hits="0"  signature="()V" >
				<lines><line number="4362"  hits="0" /></lines>
			</method>
			<method name="(anonymous_612)"  hits="0"  signature="()V" >
				<lines><line number="4363"  hits="0" /></lines>
			</method>
			<method name="(anonymous_613)"  hits="0"  signature="()V" >
				<lines><line number="4377"  hits="0" /></lines>
			</method>
			<method name="(anonymous_614)"  hits="0"  signature="()V" >
				<lines><line number="4378"  hits="0" /></lines>
			</method>
			<method name="(anonymous_615)"  hits="0"  signature="()V" >
				<lines><line number="4391"  hits="0" /></lines>
			</method>
			<method name="(anonymous_616)"  hits="0"  signature="()V" >
				<lines><line number="4393"  hits="0" /></lines>
			</method>
			<method name="(anonymous_617)"  hits="1"  signature="()V" >
				<lines><line number="4414"  hits="1" /></lines>
			</method>
			<method name="(anonymous_618)"  hits="9"  signature="()V" >
				<lines><line number="4415"  hits="9" /></lines>
			</method>
			<method name="ctor"  hits="9"  signature="()V" >
				<lines><line number="4415"  hits="9" /></lines>
			</method>
[...]
			<line number="13497"  hits="1"  branch="false" />
			<line number="13498"  hits="1"  branch="true"  condition-coverage="100% (4/4)" />
			<line number="13499"  hits="1"  branch="false" />
			<line number="13501"  hits="1"  branch="false" />
			<line number="13502"  hits="1"  branch="true"  condition-coverage="100% (2/2)" />
			<line number="13503"  hits="1"  branch="false" />
			<line number="13508"  hits="1"  branch="false" />
			<line number="13511"  hits="1"  branch="true"  condition-coverage="100% (2/2)" />
			<line number="13512"  hits="1"  branch="false" />
			<line number="13514"  hits="1"  branch="false" />
			<line number="13519"  hits="19"  branch="false" />
			<line number="13520"  hits="1"  branch="false" />
			<line number="13521"  hits="1"  branch="true"  condition-coverage="100% (2/2)" />
			<line number="13522"  hits="1"  branch="false" />
			<line number="13524"  hits="1"  branch="true"  condition-coverage="100% (2/2)" />
			<line number="13525"  hits="1"  branch="false" />
			<line number="13527"  hits="1"  branch="false" />
			<line number="13528"  hits="1"  branch="false" />
			<line number="13529"  hits="1"  branch="false" />
			<line number="13530"  hits="1"  branch="false" />
			<line number="13531"  hits="1"  branch="false" />
			<line number="13532"  hits="1"  branch="false" />
			<line number="13533"  hits="1"  branch="false" />
			<line number="13534"  hits="1"  branch="true"  condition-coverage="100% (5/5)" />
			<line number="13535"  hits="1"  branch="false" />
			<line number="13537"  hits="1"  branch="true"  condition-coverage="100% (4/4)" />
			<line number="13538"  hits="1"  branch="true"  condition-coverage="100% (2/2)" />
			<line number="13539"  hits="1"  branch="false" />
			<line number="13540"  hits="1"  branch="true"  condition-coverage="100% (2/2)" />
			<line number="13541"  hits="1"  branch="false" />
			<line number="13545"  hits="1"  branch="false" />
			<line number="13548"  hits="19"  branch="false" />
			<line number="13549"  hits="1"  branch="false" />
			<line number="13550"  hits="1"  branch="true"  condition-coverage="100% (2/2)" />
			<line number="13551"  hits="1"  branch="false" />
			<line number="13553"  hits="1"  branch="false" />
			<line number="13554"  hits="1"  branch="false" />
			<line number="13555"  hits="1"  branch="false" />
			<line number="13556"  hits="1"  branch="false" />
			<line number="13557"  hits="1"  branch="false" />
			<line number="13558"  hits="1"  branch="false" />
			<line number="13559"  hits="1"  branch="false" />
			<line number="13560"  hits="1"  branch="false" />
			<line number="13561"  hits="1"  branch="false" />
			<line number="13566"  hits="1"  branch="false" />
			<line number="13568"  hits="1"  branch="false" />
			<line number="13569"  hits="1"  branch="false" />
			<line number="13570"  hits="1"  branch="false" />
			<line number="13571"  hits="1"  branch="true"  condition-coverage="100% (4/4)" />
			<line number="13572"  hits="1"  branch="false" />
			<line number="13574"  hits="1"  branch="false" />
			<line number="13575"  hits="1"  branch="true"  condition-coverage="100% (2/2)" />
			<line number="13576"  hits="1"  branch="false" />
			<line number="13578"  hits="1"  branch="false" />
			<line number="13579"  hits="1"  branch="false" />
			<line number="13580"  hits="1"  branch="false" />
			<line number="13581"  hits="1"  branch="true"  condition-coverage="100% (2/2)" />
			<line number="13582"  hits="1"  branch="false" />
			<line number="13584"  hits="1"  branch="true"  condition-coverage="100% (4/4)" />
			<line number="13585"  hits="1"  branch="false" />
			<line number="13587"  hits="1"  branch="false" />
			<line number="13588"  hits="1"  branch="true"  condition-coverage="100% (4/4)" />
			<line number="13589"  hits="1"  branch="false" />
			<line number="13591"  hits="1"  branch="true"  condition-coverage="100% (2/2)" />
			<line number="13592"  hits="1"  branch="false" />
			<line number="13593"  hits="1"  branch="false" />
			<line number="13597"  hits="1"  branch="false" />
			<line number="13598"  hits="1"  branch="false" />
			<line number="13599"  hits="1"  branch="false" />
			<line number="13600"  hits="1"  branch="false" />
			<line number="13601"  hits="1"  branch="true"  condition-coverage="100% (2/2)" />
			<line number="13602"  hits="1"  branch="false" />
			<line number="13605"  hits="1"  branch="false" />
			<line number="13608"  hits="19"  branch="false" />
			<line number="13609"  hits="1"  branch="false" />
			<line number="13611"  hits="1"  branch="false" />
			<line number="13612"  hits="1"  branch="false" />
			<line number="13619"  hits="1"  branch="false" />
			<line number="13620"  hits="1"  branch="false" />
			<line number="13629"  hits="19"  branch="false" />
			<line number="13630"  hits="1"  branch="false" />
			<line number="13631"  hits="1"  branch="true"  condition-coverage="100% (4/4)" />
			<line number="13632"  hits="1"  branch="false" />
			<line number="13634"  hits="1"  branch="false" />
			<line number="13635"  hits="1"  branch="false" />
			<line number="13636"  hits="1"  branch="false" />
			<line number="13637"  hits="1"  branch="false" />
			<line number="13638"  hits="1"  branch="false" />
			<line number="13639"  hits="1"  branch="false" />
			<line number="13640"  hits="1"  branch="false" />
			<line number="13641"  hits="1"  branch="false" />
			<line number="13643"  hits="1"  branch="false" />
			<line number="13645"  hits="1"  branch="true"  condition-coverage="100% (2/2)" />
			<line number="13646"  hits="1"  branch="false" />
			<line number="13647"  hits="1"  branch="false" />
			<line number="13648"  hits="1"  branch="false" />
			<line number="13649"  hits="1"  branch="false" />
			<line number="13650"  hits="1"  branch="false" />
			<line number="13651"  hits="1"  branch="false" />
			<line number="13652"  hits="1"  branch="false" />
			<line number="13653"  hits="1"  branch="false" />
			<line number="13654"  hits="1"  branch="false" />
			<line number="13657"  hits="1"  branch="false" />
			<line number="13658"  hits="1"  branch="false" />
			<line number="13665"  hits="1"  branch="false" />
			<line number="13669"  hits="1"  branch="true"  condition-coverage="100% (2/2)" />
			<line number="13670"  hits="1"  branch="false" />
			<line number="13671"  hits="1"  branch="false" />
			<line number="13676"  hits="1"  branch="false" />
			<line number="13677"  hits="1"  branch="false" />
			<line number="13678"  hits="1"  branch="false" />
			<line number="13680"  hits="1"  branch="false" />
			<line number="13682"  hits="1"  branch="false" />
			<line number="13683"  hits="1"  branch="false" />
			<line number="13684"  hits="1"  branch="false" />
			<line number="13687"  hits="19"  branch="false" />
			<line number="13688"  hits="1"  branch="false" />
			<line number="13689"  hits="1"  branch="true"  condition-coverage="100% (2/2)" />
			<line number="13690"  hits="1"  branch="false" />
			<line number="13692"  hits="1"  branch="true"  condition-coverage="100% (2/2)" />
			<line number="13693"  hits="1"  branch="false" />
			<line number="13695"  hits="1"  branch="false" />
			<line number="13696"  hits="1"  branch="false" />
			<line number="13697"  hits="1"  branch="false" />
			<line number="13698"  hits="1"  branch="false" />
			<line number="13699"  hits="1"  branch="false" />
			<line number="13700"  hits="1"  branch="false" />
			<line number="13701"  hits="1"  branch="true"  condition-coverage="100% (2/2)" />
			<line number="13702"  hits="1"  branch="false" />
			<line number="13703"  hits="1"  branch="true"  condition-coverage="100% (2/2)" />
			<line number="13704"  hits="1"  branch="false" />
			<line number="13706"  hits="1"  branch="false" />
			<line number="13707"  hits="1"  branch="false" />
			<line number="13708"  hits="1"  branch="true"  condition-coverage="100% (2/2)" />
			<line number="13709"  hits="1"  branch="false" />
			<line number="13710"  hits="1"  branch="false" />
			<line number="13712"  hits="1"  branch="false" />
			<line number="13713"  hits="1"  branch="false" />
			<line number="13715"  hits="1"  branch="false" />
			<line number="13718"  hits="1"  branch="false" />
			<line number="13719"  hits="1"  branch="false" />
			<line number="13720"  hits="1"  branch="false" />
			<line number="13721"  hits="1"  branch="false" />
			<line number="13724"  hits="19"  branch="false" />
			<line number="13725"  hits="1"  branch="false" />
			<line number="13726"  hits="1"  branch="false" />
			<line number="13727"  hits="1"  branch="false" />
			<line number="13728"  hits="1"  branch="false" />
			<line number="13731"  hits="19"  branch="false" />
			<line number="13732"  hits="1"  branch="false" />
			<line number="13733"  hits="1"  branch="false" />
			<line number="13734"  hits="1"  branch="false" />
			<line number="13735"  hits="1"  branch="false" />
			<line number="13736"  hits="1"  branch="false" />
			<line number="13737"  hits="1"  branch="false" />
			<line number="13739"  hits="1"  branch="false" />
			<line number="13740"  hits="1"  branch="false" />
			<line number="13743"  hits="19"  branch="false" />
			<line number="13744"  hits="1"  branch="false" />
			<line number="13747"  hits="19"  branch="false" />
			<line number="13748"  hits="1"  branch="false" />
			<line number="13751"  hits="19"  branch="false" />
			<line number="13752"  hits="1"  branch="false" />
			<line number="13753"  hits="1"  branch="false" />
			<line number="13754"  hits="1"  branch="false" />
			<line number="13755"  hits="1"  branch="false" />
			<line number="13756"  hits="1"  branch="true"  condition-coverage="100% (5/5)" />
			<line number="13757"  hits="1"  branch="false" />
			<line number="13758"  hits="1"  branch="false" />
			<line number="13761"  hits="1"  branch="false" />
			<line number="13764"  hits="19"  branch="false" />
			<line number="13765"  hits="1"  branch="false" />
			<line number="13766"  hits="1"  branch="true"  condition-coverage="100% (2/2)" />
			<line number="13767"  hits="1"  branch="false" />
			<line number="13769"  hits="1"  branch="false" />
			<line number="13770"  hits="1"  branch="false" />
			<line number="13771"  hits="1"  branch="true"  condition-coverage="100% (2/2)" />
			<line number="13772"  hits="1"  branch="false" />
			<line number="13775"  hits="1"  branch="false" />
			<line number="13778"  hits="19"  branch="false" />
			<line number="13784"  hits="19"  branch="false" />
			<line number="13785"  hits="8"  branch="false" />
			<line number="13787"  hits="19"  branch="false" />
			<line number="13794"  hits="1"  branch="false" />
			<line number="13796"  hits="45"  branch="false" />
			<line number="13798"  hits="44"  branch="false" />
			<line number="13799"  hits="44"  branch="false" />
			<line number="13801"  hits="88"  branch="false" />
			<line number="13802"  hits="264"  branch="true"  condition-coverage="50% (1/2)" />
			<line number="13804"  hits="1"  branch="false" />
			<line number="13805"  hits="88"  branch="false" />
			<line number="13808"  hits="88"  branch="false" />
			<line number="13809"  hits="88"  branch="false" />
			<line number="13810"  hits="88"  branch="false" />
			<line number="13811"  hits="88"  branch="false" />
			<line number="13814"  hits="44"  branch="false" />
			<line number="13815"  hits="44"  branch="false" />
			<line number="13817"  hits="1"  branch="false" />
			<line number="13818"  hits="0"  branch="false" />
			<line number="13819"  hits="0"  branch="false" />
			<line number="13829"  hits="44"  branch="false" />
			<line number="13830"  hits="0"  branch="false" />
			<line number="13831"  hits="0"  branch="false" />
			<line number="13832"  hits="0"  branch="false" />
			<line number="13834"  hits="0"  branch="true"  condition-coverage="0% (0/2)" />
			<line number="13835"  hits="0"  branch="false" />
			<line number="13836"  hits="0"  branch="true"  condition-coverage="0% (0/4)" />
			<line number="13837"  hits="0"  branch="false" />
			<line number="13840"  hits="0"  branch="true"  condition-coverage="0% (0/2)" />
			<line number="13841"  hits="0"  branch="false" />
			<line number="13842"  hits="0"  branch="false" />
			<line number="13844"  hits="0"  branch="true"  condition-coverage="0% (0/2)" />
			<line number="13845"  hits="0"  branch="false" />
			<line number="13846"  hits="0"  branch="false" />
			<line number="13847"  hits="0"  branch="false" />
			<line number="13848"  hits="0"  branch="false" />
			<line number="13849"  hits="0"  branch="false" />
			<line number="13852"  hits="0"  branch="false" />
			<line number="13853"  hits="0"  branch="false" />
			<line number="13855"  hits="0"  branch="false" />
			<line number="13856"  hits="0"  branch="false" />
			<line number="13857"  hits="0"  branch="true"  condition-coverage="0% (0/4)" />
			<line number="13859"  hits="0"  branch="true"  condition-coverage="0% (0/2)" />
			<line number="13860"  hits="0"  branch="false" />
			<line number="13862"  hits="0"  branch="true"  condition-coverage="0% (0/2)" />
			<line number="13864"  hits="0"  branch="true"  condition-coverage="0% (0/2)" />
			<line number="13865"  hits="0"  branch="false" />
			<line number="13867"  hits="0"  branch="true"  condition-coverage="0% (0/2)" />
			<line number="13869"  hits="0"  branch="false" />
			<line number="13870"  hits="0"  branch="false" />
			<line number="13873"  hits="0"  branch="false" />
			<line number="13877"  hits="0"  branch="false" />
			<line number="13886"  hits="44"  branch="false" />
			<line number="13887"  hits="0"  branch="false" />
			<line number="13897"  hits="44"  branch="false" />
			<line number="13898"  hits="0"  branch="false" />
			<line number="13899"  hits="0"  branch="false" />
			<line number="13900"  hits="0"  branch="false" />
			<line number="13901"  hits="0"  branch="false" />
			<line number="13903"  hits="0"  branch="false" />
			<line number="13912"  hits="44"  branch="false" />
			<line number="13913"  hits="0"  branch="false" />
			<line number="13914"  hits="0"  branch="false" />
			<line number="13915"  hits="0"  branch="false" />
			<line number="13919"  hits="44"  branch="false" />
			<line number="13924"  hits="44"  branch="false" />
			<line number="13925"  hits="44"  branch="false" />
			<line number="13927"  hits="1"  branch="false" />
			<line number="13928"  hits="10"  branch="false" />
			<line number="13929"  hits="10"  branch="false" />
			<line number="13936"  hits="44"  branch="false" />
			<line number="13937"  hits="0"  branch="false" />
			<line number="13938"  hits="0"  branch="false" />
			<line number="13946"  hits="44"  branch="false" />
			<line number="13947"  hits="0"  branch="true"  condition-coverage="0% (0/2)" />
			<line number="13948"  hits="0"  branch="false" />
			<line number="13950"  hits="0"  branch="false" />
			<line number="13951"  hits="0"  branch="false" />
			<line number="13952"  hits="0"  branch="false" />
			<line number="13962"  hits="44"  branch="false" />
			<line number="13963"  hits="0"  branch="false" />
			<line number="13964"  hits="0"  branch="false" />
			<line number="13965"  hits="0"  branch="false" />
			<line number="13966"  hits="0"  branch="true"  condition-coverage="0% (0/2)" />
			<line number="13967"  hits="0"  branch="false" />
			<line number="13971"  hits="0"  branch="true"  condition-coverage="0% (0/2)" />
			<line number="13979"  hits="0"  branch="false" />
			<line number="13981"  hits="0"  branch="true"  condition-coverage="0% (0/2)" />
			<line number="13982"  hits="0"  branch="false" />
			<line number="13983"  hits="0"  branch="false" />
			<line number="13991"  hits="0"  branch="true"  condition-coverage="0% (0/2)" />
			<line number="13992"  hits="0"  branch="false" />
			<line number="13995"  hits="0"  branch="false" />
			<line number="13997"  hits="0"  branch="false" />
			<line number="13999"  hits="0"  branch="false" />
			<line number="14001"  hits="0"  branch="false" />
			<line number="14002"  hits="0"  branch="false" />
			<line number="14003"  hits="0"  branch="false" />
			<line number="14004"  hits="0"  branch="true"  condition-coverage="0% (0/4)" />
			<line number="14005"  hits="0"  branch="true"  condition-coverage="0% (0/5)" />
			<line number="14006"  hits="0"  branch="false" />
			<line number="14011"  hits="0"  branch="true"  condition-coverage="0% (0/2)" />
			<line number="14012"  hits="0"  branch="false" />
			<line number="14013"  hits="0"  branch="false" />
			<line number="14018"  hits="0"  branch="false" />
			<line number="14019"  hits="0"  branch="false" />
			<line number="14022"  hits="0"  branch="false" />
			<line number="14031"  hits="0"  branch="false" />
			<line number="14040"  hits="44"  branch="false" />
			<line number="14041"  hits="0"  branch="false" />
			<line number="14042"  hits="0"  branch="false" />
			<line number="14043"  hits="0"  branch="false" />
			<line number="14044"  hits="0"  branch="false" />
			<line number="14045"  hits="0"  branch="false" />
			<line number="14046"  hits="0"  branch="false" />
			<line number="14047"  hits="0"  branch="true"  condition-coverage="0% (0/2)" />
			<line number="14048"  hits="0"  branch="false" />
			<line number="14049"  hits="0"  branch="true"  condition-coverage="0% (0/2)" />
			<line number="14050"  hits="0"  branch="false" />
			<line number="14051"  hits="0"  branch="false" />
			<line number="14056"  hits="0"  branch="true"  condition-coverage="0% (0/4)" />
			<line number="14057"  hits="0"  branch="false" />
			<line number="14059"  hits="0"  branch="false" />
			<line number="14060"  hits="0"  branch="false" />
			<line number="14061"  hits="0"  branch="false" />
			<line number="14068"  hits="44"  branch="false" />
			<line number="14069"  hits="0"  branch="false" />
			<line number="14080"  hits="44"  branch="false" />
			<line number="14081"  hits="0"  branch="false" />
			<line number="14083"  hits="0"  branch="false" />
			<line number="14084"  hits="0"  branch="false" />
			<line number="14086"  hits="0"  branch="false" />
			<line number="14089"  hits="0"  branch="false" />
			<line number="14090"  hits="0"  branch="false" />
			<line number="14091"  hits="0"  branch="true"  condition-coverage="0% (0/2)" />
			<line number="14092"  hits="0"  branch="false" />
			<line number="14105"  hits="44"  branch="false" />
			<line number="14106"  hits="10"  branch="false" />
			<line number="14107"  hits="10"  branch="false" />
			<line number="14108"  hits="10"  branch="false" />
			<line number="14109"  hits="10"  branch="true"  condition-coverage="50% (1/2)" />
			<line number="14110"  hits="10"  branch="false" />
			<line number="14112"  hits="10"  branch="false" />
			<line number="14123"  hits="44"  branch="false" />
			<line number="14124"  hits="0"  branch="true"  condition-coverage="0% (0/2)" />
			<line number="14125"  hits="0"  branch="false" />
			<line number="14127"  hits="0"  branch="false" />
			<line number="14128"  hits="0"  branch="false" />
			<line number="14129"  hits="0"  branch="false" />
			<line number="14130"  hits="0"  branch="false" />
			<line number="14131"  hits="0"  branch="false" />
			<line number="14132"  hits="0"  branch="false" />
			<line number="14133"  hits="0"  branch="true"  condition-coverage="0% (0/2)" />
			<line number="14134"  hits="0"  branch="false" />
			<line number="14139"  hits="0"  branch="false" />
			<line number="14142"  hits="0"  branch="false" />
			<line number="14143"  hits="0"  branch="false" />
			<line number="14157"  hits="0"  branch="true"  condition-coverage="0% (0/4)" />
			<line number="14158"  hits="0"  branch="false" />
			<line number="14160"  hits="0"  branch="false" />
			<line number="14162"  hits="0"  branch="false" />
			<line number="14164"  hits="0"  branch="false" />
			<line number="14169"  hits="44"  branch="false" />
		</lines>
		</class>
	</classes>
	</package>
</packages>
</coverage>
